# Server version 0.08 running on 192.168.2.24:8123
# Game ID: 41
# Board class: Saboteur.SaboteurBoard
# Timeout: 20000
# First Move Timeout: 30000
# Date: Sun Mar 22 17:25:13 EDT 2020
# Player 1: Player-0, 'RandomPlayer', running on localhost
# Player 2: Player-1, '260805212', running on localhost
START Player-0 RandomPlayer
START Player-1 260805212
BoardInit:Tile:4,Bonus,Tile:10,Tile:11,Malus,Destroy,Tile:6,Bonus,Map,Bonus,Tile:2,Tile:0,Tile:14,Bonus,Tile:6,Tile:7,Tile:3,Tile:13,Tile:12,Tile:1,Tile:9,Destroy,Tile:5,Map,Tile:0,Tile:9,Tile:7,Malus,Tile:6,Tile:9,Map,Tile:5,Tile:9,Tile:10,Tile:7,Tile:10,Destroy,Tile:0,Tile:9-Tile:15,Tile:8,Tile:5,Tile:6,Tile:8,Tile:8,Tile:6-Map,Tile:0,Tile:5,Tile:7,Tile:7,Tile:8,Tile:8-Tile:nugget,Tile:hidden2,Tile:hidden1
Tile:5_flip 6 5 1
Tile:8 5 4 0
Tile:15 5 3 1
Tile:7_flip 4 4 0
Tile:6_flip 5 2 1
Tile:8 4 2 0
Malus 0 0 1
Drop 2 0 0
Tile:8 3 2 1
Map 12 3 0
Map 12 7 1
Drop 1 0 0
Tile:8 6 4 1
Destroy 5 3 0
Tile:2 4 1 1
Bonus 0 0 0
Tile:8 3 1 1
Tile:11_flip 6 3 0
Tile:14_flip 4 5 1
Tile:0 2 2 0
Tile:6 3 3 1
Drop 4 0 0
Tile:6 4 6 1
Destroy 3 1 0
Drop 5 0 1
Tile:0 2 3 0
Tile:12 5 1 1
Tile:13 1 2 0
Tile:3_flip 0 2 1
Tile:9 3 1 0
Tile:6_flip 0 1 1
Drop 2 0 0
Map 12 5 1
Tile:9 3 0 0
Tile:9_flip 4 3 1
Tile:1 7 4 0
Drop 6 0 1
Map 12 3 0
Tile:6_flip 8 4 1
Tile:5_flip 8 5 0
Destroy 6 3 1
Drop 5 0 0
Tile:9_flip 9 4 1
Drop 2 0 0
Tile:5_flip 4 0 1
Tile:10 9 5 0
Drop 2 0 1
Tile:10 9 3 0
Tile:4_flip 9 6 1
Drop 0 0 0
Tile:7_flip 3 6 1
Drop 0 0 0
Tile:10 6 3 1
GAMEOVER DRAW
# Game ended: Sun Mar 22 17:25:14 EDT 2020
