# Server version 0.08 running on 192.168.2.24:8123
# Game ID: 27
# Board class: Saboteur.SaboteurBoard
# Timeout: 20000
# First Move Timeout: 30000
# Date: Sun Mar 22 16:55:02 EDT 2020
# Player 1: Player-0, 'RandomPlayer', running on localhost
# Player 2: Player-1, '260805212', running on localhost
START Player-0 RandomPlayer
START Player-1 260805212
BoardInit:Tile:11,Tile:0,Tile:5,Map,Bonus,Bonus,Tile:6,Bonus,Tile:8,Malus,Destroy,Bonus,Tile:8,Tile:1,Tile:7,Tile:7,Map,Tile:0,Tile:6,Malus,Tile:7,Tile:0,Tile:14,Tile:8,Tile:2,Tile:7,Tile:3,Tile:6,Tile:9,Tile:10,Tile:6,Destroy,Map,Tile:9,Tile:9,Tile:6,Tile:10,Tile:5,Tile:10-Tile:0,Tile:9,Tile:12,Tile:5,Tile:8,Tile:15,Tile:5-Tile:4,Tile:8,Tile:13,Destroy,Tile:7,Map,Tile:9-Tile:hidden1,Tile:nugget,Tile:hidden2
Tile:5 5 4 1
Tile:8 6 4 0
Tile:11_flip 5 6 1
Tile:9 5 7 0
Tile:0 6 7 1
Tile:7 6 3 0
Tile:5_flip 5 8 1
Drop 2 0 0
Tile:5 4 6 1
Drop 0 0 0
Tile:6 4 5 1
Drop 3 0 0
Tile:9_flip 6 5 1
Drop 0 0 0
Drop 2 0 1
Drop 5 0 0
Tile:7_flip 6 6 1
Tile:7_flip 5 3 0
Tile:8 4 8 1
Drop 1 0 0
Destroy 6 7 1
Tile:1 6 7 0
Tile:6_flip 7 6 1
Map 12 7 0
Drop 2 0 1
Tile:8 8 6 0
Drop 3 0 1
Tile:7_flip 3 5 0
Tile:2_flip 3 8 1
Tile:6_flip 3 7 0
Tile:8 4 9 1
Tile:0 2 7 0
Tile:7_flip 1 7 1
Destroy 4 9 0
Tile:3_flip 4 9 1
Tile:9_flip 4 7 0
Tile:9 5 2 1
Tile:0 9 6 0
Tile:9_flip 1 6 1
Tile:5_flip 10 6 0
Tile:6_flip 10 5 1
Drop 1 0 0
Tile:12_flip 0 6 1
Tile:10 8 5 0
Tile:10 8 4 1
Tile:6_flip 11 5 0
GAMEOVER WINNER 0
# Game ended: Sun Mar 22 16:55:03 EDT 2020
