# Server version 0.08 running on 192.168.2.24:8123
# Game ID: 6
# Board class: Saboteur.SaboteurBoard
# Timeout: 20000
# First Move Timeout: 30000
# Date: Tue Mar 31 18:48:13 EDT 2020
# Player 1: Player-0, 'RandomPlayer', running on 192.168.2.24
# Player 2: Player-1, 'RandomPlayer', running on 192.168.2.24
START Player-0 RandomPlayer
START Player-1 RandomPlayer
BoardInit:Tile:1,Tile:10,Tile:8,Bonus,Tile:9,Tile:6,Tile:6,Tile:5,Tile:7,Tile:5,Tile:6,Tile:8,Tile:11,Tile:14,Tile:9,Destroy,Tile:9,Tile:6,Tile:7,Tile:0,Tile:9,Tile:2,Tile:10,Tile:9,Tile:7,Malus,Tile:8,Tile:4,Tile:0,Tile:8,Destroy,Malus,Tile:3,Tile:15,Map,Tile:8,Map,Bonus,Map,Tile:0,Tile:7-Tile:7,Tile:5,Map,Bonus,Bonus,Tile:13,Tile:12-Map,Tile:0,Destroy,Tile:6,Map,Tile:10,Tile:5-Tile:nugget,Tile:hidden2,Tile:hidden1
Map 12 7 1
Map 12 7 0
Tile:7 6 5 1
Map 12 5 0
Tile:8 6 6 1
Tile:5_flip 7 6 0
Tile:5 7 5 1
Tile:0 8 5 0
Tile:9_flip 9 5 1
Tile:5 9 4 0
Tile:7_flip 9 6 1
Tile:5_flip 10 4 0
Tile:6_flip 10 6 1
Tile:8 11 6 0
Tile:6_flip 12 6 1
Tile:6_flip 11 5 0
Tile:9_flip 13 7 1
Tile:6_flip 13 5 0
Tile:9 12 4 1
GAMEOVER WINNER 1
# Game ended: Tue Mar 31 18:48:13 EDT 2020
