# Server version 0.08 running on 192.168.2.24:8123
# Game ID: 32
# Board class: Saboteur.SaboteurBoard
# Timeout: 20000
# First Move Timeout: 30000
# Date: Sun Mar 22 17:04:22 EDT 2020
# Player 1: Player-0, 'RandomPlayer', running on localhost
# Player 2: Player-1, '260805212', running on localhost
START Player-0 RandomPlayer
START Player-1 260805212
BoardInit:Tile:2,Map,Tile:9,Tile:0,Tile:5,Tile:4,Tile:6,Map,Tile:8,Tile:6,Tile:7,Tile:3,Tile:7,Tile:6,Destroy,Tile:8,Bonus,Map,Malus,Tile:6,Tile:11,Tile:0,Tile:9,Tile:0,Tile:8,Destroy,Destroy,Tile:7,Tile:5,Tile:7,Tile:10,Tile:9,Tile:9,Tile:8,Tile:6,Tile:5,Tile:12,Tile:14,Bonus-Malus,Bonus,Tile:10,Tile:7,Tile:13,Tile:1,Tile:0-Tile:5,Tile:9,Map,Tile:10,Bonus,Tile:15,Tile:8-Tile:nugget,Tile:hidden1,Tile:hidden2
Drop 5 0 1
Drop 3 0 0
Tile:13 5 4 1
Map 12 5 0
Malus 0 0 1
Map 12 5 0
Tile:5 4 4 1
Drop 3 0 0
Drop 1 0 1
Map 12 5 0
Tile:0 6 5 1
Bonus 0 0 0
Tile:9 4 5 1
Drop 2 0 0
Tile:7_flip 5 6 1
Tile:6_flip 6 6 0
Drop 0 0 1
Tile:5_flip 7 5 0
Tile:7 7 6 1
Tile:0 6 4 0
Tile:6 7 7 1
Tile:8 6 7 0
Drop 3 0 1
Tile:6_flip 5 7 0
Tile:8 7 4 1
Tile:0 8 7 0
Tile:2 5 3 1
Tile:0 9 7 0
Tile:11_flip 7 3 1
Tile:9_flip 4 6 0
Tile:9_flip 5 8 1
Tile:6 10 7 0
Destroy 10 7 1
Tile:7_flip 4 3 0
Tile:10 7 2 1
Tile:8 5 9 0
Tile:9_flip 5 10 1
Tile:9_flip 8 4 0
Tile:6 3 6 1
Tile:4_flip 8 5 0
Tile:5_flip 5 11 1
Drop 1 0 0
Tile:12_flip 4 9 1
Tile:7 7 1 0
Tile:7_flip 4 7 1
Tile:5 8 3 0
Tile:8 4 2 1
Destroy 8 3 0
Malus 0 0 1
Drop 0 0 0
Drop 0 0 1
Drop 0 0 0
Drop 0 0 1
GAMEOVER DRAW
# Game ended: Sun Mar 22 17:04:23 EDT 2020
