# Server version 0.08 running on 192.168.2.24:8123
# Game ID: 12
# Board class: Saboteur.SaboteurBoard
# Timeout: 20000
# First Move Timeout: 30000
# Date: Sun Mar 22 14:31:45 EDT 2020
# Player 1: Player-0, 'RandomPlayer', running on localhost
# Player 2: Player-1, '260805212', running on localhost
START Player-0 RandomPlayer
START Player-1 260805212
BoardInit:Tile:6,Tile:7,Tile:9,Tile:8,Tile:7,Tile:9,Bonus,Tile:2,Tile:8,Tile:4,Tile:6,Bonus,Tile:8,Tile:9,Tile:5,Malus,Tile:6,Tile:5,Map,Tile:9,Tile:7,Tile:0,Destroy,Map,Tile:11,Tile:9,Malus,Tile:6,Tile:1,Bonus,Tile:8,Map,Map,Tile:15,Tile:0,Tile:3,Tile:7,Tile:7,Tile:10-Tile:8,Bonus,Tile:5,Tile:14,Destroy,Tile:13,Tile:0-Tile:12,Tile:10,Tile:5,Tile:10,Destroy,Tile:0,Tile:6-Tile:hidden2,Tile:hidden1,Tile:nugget
Drop 2 0 1
Drop 2 0 0
Tile:6_flip 6 5 1
Tile:12 7 5 0
Destroy 6 5 1
Drop 4 0 0
Tile:8 5 6 1
Tile:9_flip 6 6 0
Tile:14 6 7 1
Tile:8 5 7 0
Tile:13 5 4 1
Tile:4_flip 5 8 0
Tile:9 5 3 1
Tile:2 4 6 0
Tile:8 3 6 1
Destroy 5 3 0
Tile:8 4 4 1
Tile:10 3 5 0
Tile:6 4 7 1
Tile:9 5 3 0
Drop 4 0 1
Tile:0 2 6 0
Tile:7_flip 3 7 1
Tile:7 6 4 0
Tile:6_flip 5 2 1
Drop 0 0 0
Tile:7_flip 4 5 1
Tile:0 6 2 0
Map 12 3 1
Tile:5 1 6 0
Tile:11_flip 4 3 1
Tile:6_flip 4 2 0
Malus 0 0 1
Drop 2 0 0
Tile:8 6 5 1
Map 12 5 0
Destroy 5 2 1
Drop 5 0 0
Tile:0 7 2 1
Map 12 7 0
Tile:7 8 2 1
Drop 3 0 0
Map 12 7 1
Bonus 0 0 0
Tile:0 6 3 1
Tile:7_flip 3 2 0
Tile:1 7 3 1
Tile:9_flip 3 1 0
Drop 1 0 1
Tile:3_flip 1 7 0
Tile:10 3 0 1
Malus 0 0 0
Drop 0 0 1
GAMEOVER DRAW
# Game ended: Sun Mar 22 14:31:46 EDT 2020
