# Server version 0.08 running on 192.168.2.24:8123
# Game ID: 4
# Board class: Saboteur.SaboteurBoard
# Timeout: 20000
# First Move Timeout: 30000
# Date: Tue Mar 31 18:47:53 EDT 2020
# Player 1: Player-0, 'RandomPlayer', running on 192.168.2.24
# Player 2: Player-1, 'RandomPlayer', running on 192.168.2.24
START Player-0 RandomPlayer
START Player-1 RandomPlayer
BoardInit:Tile:13,Tile:14,Tile:9,Tile:6,Malus,Tile:2,Tile:9,Malus,Tile:0,Tile:15,Tile:8,Tile:10,Tile:5,Tile:1,Tile:7,Bonus,Tile:6,Tile:5,Tile:5,Tile:3,Map,Bonus,Tile:9,Map,Map,Tile:6,Tile:4,Tile:12,Tile:11,Tile:6,Tile:8,Map,Tile:7,Tile:7,Tile:10,Destroy,Tile:0,Tile:0,Destroy,Tile:0,Tile:6-Destroy,Tile:8,Tile:9,Tile:7,Bonus,Bonus,Tile:8-Tile:5,Tile:8,Map,Tile:9,Map,Tile:7,Tile:10-Tile:hidden1,Tile:hidden2,Tile:nugget
Tile:8 6 5 1
Map 12 7 0
Tile:9_flip 7 5 1
Tile:5_flip 7 6 0
Tile:9 7 4 1
Tile:6_flip 8 4 0
Malus 0 0 1
Drop 6 0 0
Tile:9_flip 9 4 1
Malus 0 0 0
Bonus 0 0 1
Drop 6 0 0
Tile:7_flip 9 5 1
Drop 5 0 0
Tile:8 10 5 1
Drop 6 0 0
Tile:0 11 5 1
Bonus 0 0 0
Tile:6_flip 13 5 1
Tile:8 12 6 0
GAMEOVER WINNER 0
# Game ended: Tue Mar 31 18:47:53 EDT 2020
