# Server version 0.08 running on 192.168.2.24:8123
# Game ID: 42
# Board class: Saboteur.SaboteurBoard
# Timeout: 20000
# First Move Timeout: 30000
# Date: Sun Mar 22 17:26:03 EDT 2020
# Player 1: Player-0, 'RandomPlayer', running on localhost
# Player 2: Player-1, '260805212', running on localhost
START Player-0 RandomPlayer
START Player-1 260805212
BoardInit:Tile:6,Map,Tile:6,Tile:6,Tile:11,Tile:5,Tile:2,Destroy,Tile:8,Bonus,Tile:0,Tile:7,Tile:6,Malus,Tile:9,Tile:10,Tile:9,Tile:6,Tile:12,Tile:7,Bonus,Tile:10,Tile:7,Tile:5,Tile:5,Map,Map,Tile:8,Tile:8,Tile:15,Tile:7,Tile:0,Tile:9,Malus,Tile:4,Tile:3,Tile:8,Tile:13,Tile:9-Tile:0,Tile:7,Destroy,Bonus,Map,Tile:14,Tile:10-Bonus,Tile:0,Tile:1,Tile:8,Destroy,Tile:9,Tile:5-Tile:hidden2,Tile:hidden1,Tile:nugget
Map 12 7 1
Drop 2 0 0
Tile:7_flip 4 5 1
Map 12 5 0
Tile:10 5 4 1
Tile:8 5 6 0
Tile:6_flip 5 3 1
Tile:5_flip 6 3 0
Tile:2 4 6 1
Destroy 4 5 0
Drop 1 0 1
Tile:6_flip 3 6 0
Tile:6 6 6 1
Destroy 5 3 0
Tile:8 3 7 1
Tile:9_flip 5 7 0
Tile:14_flip 6 2 1
Tile:10 5 8 0
Tile:11_flip 6 5 1
Tile:6 2 6 0
Tile:6 4 7 1
Tile:5 2 7 0
Tile:9_flip 7 6 1
Tile:7_flip 4 5 0
Drop 4 0 1
Tile:5 5 3 0
Tile:9_flip 4 4 1
Tile:7_flip 7 7 0
Map 12 5 1
Map 12 7 0
Tile:5_flip 8 7 1
Tile:10 8 6 0
Tile:0 3 4 1
Tile:0 1 6 0
Tile:9_flip 2 8 1
Drop 2 0 0
Tile:4_flip 2 9 1
Tile:15 4 3 0
Tile:7_flip 5 9 1
Tile:3 8 5 0
Tile:9 3 8 1
Tile:13 7 2 0
Tile:8 1 8 1
Drop 3 0 0
Tile:7_flip 7 3 1
Drop 2 0 0
Tile:8 7 1 1
Malus 0 0 0
Drop 1 0 1
Drop 0 0 0
Bonus 0 0 1
Drop 0 0 0
Drop 0 0 1
GAMEOVER DRAW
# Game ended: Sun Mar 22 17:26:04 EDT 2020
