# Server version 0.08 running on 192.168.2.24:8123
# Game ID: 37
# Board class: Saboteur.SaboteurBoard
# Timeout: 20000
# First Move Timeout: 30000
# Date: Sun Mar 22 17:09:40 EDT 2020
# Player 1: Player-0, 'RandomPlayer', running on 192.168.2.24
# Player 2: Player-1, 'Human', running on 192.168.2.24
START Player-0 RandomPlayer
START Player-1 Human
BoardInit:Bonus,Map,Destroy,Tile:6,Bonus,Tile:9,Tile:13,Tile:11,Tile:8,Tile:0,Tile:7,Tile:6,Tile:10,Tile:8,Tile:7,Tile:0,Tile:5,Tile:0,Tile:9,Tile:0,Tile:5,Map,Tile:5,Destroy,Tile:9,Tile:5,Destroy,Tile:10,Bonus,Tile:15,Tile:1,Tile:10,Tile:9,Tile:3,Map,Map,Tile:7,Tile:12,Tile:7-Tile:6,Tile:8,Tile:8,Tile:2,Malus,Tile:14,Tile:4-Tile:6,Tile:6,Tile:8,Bonus,Malus,Tile:7,Tile:9-Tile:hidden1,Tile:nugget,Tile:hidden2
Malus 0 0 1
Drop 5 0 0
Tile:8 6 5 1
Drop 1 0 0
Tile:6 7 5 1
Drop 6 0 0
Tile:8 8 5 1
Malus 0 0 0
Bonus 0 0 1
Map 12 5 0
GAMEOVER USER CANCEL UNDECIDED
# Game ended: Sun Mar 22 17:11:19 EDT 2020
