# Server version 0.08 running on 192.168.2.24:8123
# Game ID: 15
# Board class: Saboteur.SaboteurBoard
# Timeout: 20000
# First Move Timeout: 30000
# Date: Sun Mar 22 19:11:49 EDT 2020
# Player 1: Player-0, '260805212', running on localhost
# Player 2: Player-1, 'RandomPlayer', running on localhost
START Player-0 260805212
START Player-1 RandomPlayer
BoardInit:Bonus,Tile:10,Tile:10,Tile:5,Tile:0,Tile:7,Tile:6,Tile:3,Tile:2,Tile:1,Tile:13,Tile:8,Tile:9,Destroy,Tile:5,Tile:0,Tile:6,Destroy,Tile:8,Tile:6,Bonus,Tile:7,Map,Malus,Bonus,Tile:0,Tile:9,Tile:6,Tile:10,Bonus,Tile:14,Map,Tile:7,Tile:4,Tile:12,Tile:9,Map,Tile:0,Tile:11-Tile:7,Destroy,Malus,Tile:5,Tile:5,Tile:6,Tile:8-Tile:15,Tile:9,Map,Tile:7,Tile:8,Tile:9,Tile:8-Tile:hidden1,Tile:nugget,Tile:hidden2
Tile:5 4 5 1
Map 12 7 0
Tile:5_flip 5 6 1
Tile:9_flip 6 5 0
Tile:8 4 6 1
Tile:7 6 4 0
Drop 3 0 1
Tile:9 6 6 0
Tile:6 6 7 1
Tile:8 7 6 0
Tile:2 5 4 1
Tile:5_flip 8 6 0
Tile:0 5 7 1
Tile:8 8 5 0
Tile:7 8 4 1
Tile:7 9 5 0
Tile:9 3 6 1
Tile:10 9 6 0
Tile:13 4 7 1
Tile:0 4 4 0
Tile:5_flip 9 7 1
Tile:6_flip 8 7 0
Tile:6 3 7 1
Tile:7_flip 8 8 0
Tile:10 3 5 1
Malus 0 0 0
Map 12 3 1
Tile:0 9 8 0
Bonus 0 0 1
Tile:6_flip 10 8 0
Tile:9 4 8 1
Tile:8 11 8 0
Tile:14_flip 3 4 1
Map 12 5 0
Tile:10 11 7 1
Drop 4 0 0
Tile:7 12 8 1
Tile:9_flip 12 9 0
Tile:8 2 7 1
Tile:0 5 8 0
Tile:11 7 4 1
Tile:4 2 6 0
Tile:12_flip 1 7 1
Drop 2 0 0
Drop 0 0 1
Tile:3 11 6 0
Drop 3 0 1
Tile:15 12 10 0
Malus 0 0 1
Bonus 0 0 0
Drop 1 0 1
Drop 0 0 0
Drop 0 0 1
GAMEOVER DRAW
# Game ended: Sun Mar 22 19:11:49 EDT 2020
