# Server version 0.08 running on 192.168.2.24:8123
# Game ID: 24
# Board class: Saboteur.SaboteurBoard
# Timeout: 20000
# First Move Timeout: 30000
# Date: Sun Mar 22 15:35:39 EDT 2020
# Player 1: Player-0, 'RandomPlayer', running on 192.168.2.24
# Player 2: Player-1, 'Human', running on 192.168.2.24
START Player-0 RandomPlayer
START Player-1 Human
BoardInit:Tile:1,Malus,Destroy,Tile:6,Destroy,Malus,Tile:0,Tile:6,Tile:8,Tile:8,Tile:10,Tile:6,Tile:15,Tile:7,Tile:8,Bonus,Bonus,Tile:6,Tile:0,Tile:7,Map,Tile:12,Tile:14,Tile:13,Tile:6,Bonus,Map,Tile:9,Map,Tile:8,Tile:5,Tile:9,Bonus,Map,Destroy,Tile:0,Tile:4,Tile:0,Tile:11-Tile:2,Tile:9,Tile:7,Tile:10,Tile:9,Tile:5,Tile:10-Tile:8,Tile:5,Tile:3,Tile:7,Tile:5,Tile:9,Tile:7-Tile:nugget,Tile:hidden1,Tile:hidden2
Tile:9 5 6 1
Tile:5_flip 5 7 0
Tile:7 6 6 1
Tile:7_flip 6 7 0
Tile:9 5 4 1
Tile:3 6 4 0
Tile:10 5 3 1
Tile:5_flip 6 5 0
Tile:0 7 7 1
Tile:7_flip 4 5 0
Tile:8 8 7 1
Tile:9_flip 9 7 0
Tile:10 8 6 1
Tile:6_flip 5 2 0
Tile:10 8 5 1
Tile:6 6 2 0
Tile:5 8 4 1
Tile:8 4 2 0
Tile:8 9 4 1
Malus 0 0 0
GAMEOVER USER CANCEL UNDECIDED
# Game ended: Sun Mar 22 15:36:15 EDT 2020
