# Server version 0.08 running on 192.168.2.24:8123
# Game ID: 29
# Board class: Saboteur.SaboteurBoard
# Timeout: 20000
# First Move Timeout: 30000
# Date: Sun Mar 22 16:58:44 EDT 2020
# Player 1: Player-0, 'RandomPlayer', running on localhost
# Player 2: Player-1, '260805212', running on localhost
START Player-0 RandomPlayer
START Player-1 260805212
BoardInit:Tile:2,Map,Malus,Tile:7,Tile:10,Destroy,Tile:10,Tile:0,Bonus,Tile:8,Tile:9,Tile:0,Tile:6,Tile:6,Tile:9,Tile:5,Tile:5,Tile:1,Tile:7,Map,Bonus,Bonus,Tile:7,Tile:0,Tile:3,Tile:7,Tile:6,Tile:5,Destroy,Tile:9,Tile:8,Tile:7,Tile:12,Map,Bonus,Tile:9,Tile:8,Tile:13,Tile:10-Tile:11,Tile:5,Tile:0,Malus,Tile:8,Map,Tile:9-Tile:4,Destroy,Tile:6,Tile:14,Tile:6,Tile:8,Tile:15-Tile:hidden1,Tile:hidden2,Tile:nugget
Map 12 7 1
Tile:8 6 5 0
Tile:9_flip 5 4 1
Tile:14 7 5 0
Tile:0 4 4 1
Destroy 4 4 0
Tile:11 6 4 1
Tile:6_flip 6 3 0
Tile:2_flip 6 6 1
Tile:0 7 6 0
Tile:8 5 6 1
Tile:8 8 6 0
Tile:10 8 5 1
Tile:6_flip 5 3 0
Tile:5_flip 9 6 1
Tile:0 4 4 0
Tile:9 4 6 1
Tile:15 8 4 0
Tile:5 8 3 1
Destroy 9 6 0
Tile:9 3 4 1
Tile:5_flip 8 7 0
Tile:6 3 5 1
Tile:6_flip 9 3 0
Tile:7 7 4 1
Tile:1 7 7 0
Tile:3_flip 4 7 1
Tile:0 4 3 0
Drop 3 0 1
Map 12 3 0
Destroy 7 6 1
Tile:9 9 4 0
Drop 1 0 1
Drop 1 0 0
Tile:6_flip 9 6 1
Tile:5_flip 7 3 0
Tile:7 10 3 1
Drop 6 0 0
Tile:8 10 6 1
Map 12 3 0
Tile:12 11 6 1
Tile:7_flip 9 7 0
Tile:8 3 3 1
Tile:13 10 4 0
Drop 3 0 1
Drop 2 0 0
Tile:10 10 5 1
Drop 1 0 0
Tile:10 7 2 1
Tile:4 3 2 0
Malus 0 0 1
Map 12 5 0
Drop 0 0 1
GAMEOVER DRAW
# Game ended: Sun Mar 22 16:58:44 EDT 2020
