# Server version 0.08 running on 192.168.2.24:8123
# Game ID: 40
# Board class: Saboteur.SaboteurBoard
# Timeout: 20000
# First Move Timeout: 30000
# Date: Sun Mar 22 17:16:16 EDT 2020
# Player 1: Player-0, 'RandomPlayer', running on localhost
# Player 2: Player-1, '260805212', running on localhost
START Player-0 RandomPlayer
START Player-1 260805212
BoardInit:Tile:10,Map,Tile:6,Tile:5,Tile:7,Destroy,Tile:12,Tile:6,Tile:5,Tile:8,Bonus,Bonus,Bonus,Tile:9,Destroy,Tile:14,Tile:10,Tile:9,Tile:7,Tile:0,Tile:10,Tile:0,Tile:6,Tile:8,Destroy,Tile:8,Tile:7,Tile:5,Tile:5,Tile:6,Tile:3,Tile:13,Tile:2,Bonus,Tile:7,Tile:7,Map,Tile:9,Tile:8-Tile:9,Tile:9,Map,Tile:6,Tile:11,Tile:8,Tile:4-Tile:0,Malus,Map,Tile:1,Tile:15,Malus,Tile:0-Tile:hidden2,Tile:hidden1,Tile:nugget
Map 12 7 1
Tile:0 6 5 0
Tile:11_flip 5 4 1
Tile:1 4 4 0
Tile:8 3 4 1
Drop 4 0 0
Tile:9 5 6 1
Tile:5_flip 5 7 0
Tile:6 2 4 1
Map 12 7 0
Tile:9_flip 5 3 1
Tile:6_flip 6 6 0
Tile:7_flip 6 7 1
Map 12 5 0
Tile:12_flip 4 7 1
Tile:8 7 7 0
Destroy 4 7 1
Tile:9_flip 7 8 0
Tile:5 6 8 1
Tile:9_flip 5 2 0
Tile:7 8 7 1
Tile:0 4 5 0
Tile:10 3 3 1
Tile:14_flip 4 7 0
Tile:6_flip 1 4 1
Malus 0 0 0
Bonus 0 0 1
Tile:8 1 5 0
Tile:7_flip 4 2 1
Tile:8 0 4 0
Destroy 1 4 1
Drop 6 0 0
Tile:10 3 2 1
Tile:15 6 9 0
Tile:2 0 3 1
Tile:5 4 1 0
Tile:3_flip 6 10 1
Destroy 4 5 0
Map 12 5 1
Tile:13 7 10 0
Tile:4_flip 4 8 1
Tile:9 1 6 0
Tile:6_flip 2 6 1
Tile:0 4 5 0
Tile:8 1 3 1
Tile:7 3 6 0
Tile:7_flip 1 7 1
Malus 0 0 0
Bonus 0 0 1
Drop 0 0 0
Tile:5_flip 2 7 1
Drop 0 0 0
Tile:10 3 7 1
GAMEOVER DRAW
# Game ended: Sun Mar 22 17:16:17 EDT 2020
