# Server version 0.08 running on 192.168.2.24:8123
# Game ID: 28
# Board class: Saboteur.SaboteurBoard
# Timeout: 20000
# First Move Timeout: 30000
# Date: Sun Mar 22 16:55:37 EDT 2020
# Player 1: Player-0, 'RandomPlayer', running on localhost
# Player 2: Player-1, '260805212', running on localhost
START Player-0 RandomPlayer
START Player-1 260805212
BoardInit:Tile:13,Tile:10,Tile:7,Tile:9,Tile:0,Tile:8,Tile:6,Tile:3,Tile:0,Tile:12,Malus,Tile:6,Bonus,Tile:8,Tile:7,Tile:2,Tile:15,Tile:14,Map,Tile:11,Tile:5,Tile:4,Map,Bonus,Destroy,Map,Tile:9,Tile:6,Tile:9,Bonus,Tile:0,Tile:10,Malus,Tile:8,Map,Tile:8,Tile:7,Tile:6,Tile:6-Tile:10,Destroy,Tile:7,Tile:5,Tile:9,Destroy,Tile:7-Tile:8,Tile:5,Tile:1,Bonus,Tile:5,Tile:9,Tile:0-Tile:nugget,Tile:hidden2,Tile:hidden1
Tile:5 4 5 1
Drop 3 0 0
Tile:7 6 5 1
Tile:9_flip 5 4 0
Drop 1 0 1
Tile:9_flip 5 3 0
Drop 6 0 1
Tile:8 6 6 0
Tile:9 5 6 1
Tile:0 4 3 0
Tile:0 7 6 1
Tile:12_flip 4 4 0
Tile:13 5 7 1
Tile:5_flip 5 8 0
Tile:6_flip 5 2 1
Tile:8 8 6 0
Tile:7_flip 4 7 1
Tile:5_flip 6 7 0
Tile:15 4 6 1
Drop 1 0 0
Destroy 4 4 1
Drop 3 0 0
Tile:7 6 2 1
Drop 5 0 0
Drop 0 0 1
Tile:3_flip 4 2 0
Tile:5_flip 8 7 1
Tile:1 4 4 0
Tile:7_flip 3 4 1
Tile:6_flip 9 6 0
Destroy 4 6 1
Tile:2 3 3 0
Tile:0 10 6 1
Tile:6_flip 2 3 0
Map 12 7 1
Tile:14_flip 7 7 0
Drop 3 0 1
Map 12 3 0
Map 12 5 1
Tile:6 1 3 0
Drop 4 0 1
Tile:4 4 1 0
Tile:9_flip 4 6 1
Drop 4 0 0
Drop 3 0 1
Tile:10 6 3 0
Tile:6 0 3 1
Tile:8 8 5 0
Drop 1 0 1
Drop 0 0 0
Malus 0 0 1
Bonus 0 0 0
Drop 0 0 1
GAMEOVER DRAW
# Game ended: Sun Mar 22 16:55:38 EDT 2020
