# Server version 0.08 running on 192.168.2.24:8123
# Game ID: 45
# Board class: Saboteur.SaboteurBoard
# Timeout: 20000
# First Move Timeout: 30000
# Date: Sun Mar 22 17:34:29 EDT 2020
# Player 1: Player-0, 'RandomPlayer', running on localhost
# Player 2: Player-1, '260805212', running on localhost
START Player-0 RandomPlayer
START Player-1 260805212
BoardInit:Tile:5,Map,Tile:5,Tile:12,Tile:10,Tile:15,Destroy,Tile:8,Bonus,Tile:7,Tile:6,Tile:11,Tile:5,Map,Tile:0,Tile:5,Tile:6,Tile:10,Tile:8,Tile:9,Tile:8,Bonus,Tile:9,Tile:0,Tile:2,Map,Malus,Map,Destroy,Tile:10,Tile:7,Tile:6,Tile:9,Tile:7,Tile:0,Tile:4,Tile:0,Tile:6,Bonus-Tile:7,Tile:13,Tile:9,Tile:3,Tile:6,Destroy,Malus-Tile:7,Tile:9,Tile:8,Bonus,Tile:1,Tile:8,Tile:14-Tile:hidden1,Tile:nugget,Tile:hidden2
Malus 0 0 1
Drop 3 0 0
Tile:3 6 5 1
Map 12 3 0
Tile:9 6 6 1
Drop 4 0 0
Tile:13 7 6 1
Drop 5 0 0
Tile:5_flip 7 7 1
Drop 1 0 0
Tile:6_flip 5 4 1
Drop 4 0 0
Tile:6 6 7 1
Drop 0 0 0
Destroy 7 6 1
Map 12 7 0
Drop 1 0 1
Drop 5 0 0
Drop 1 0 1
Drop 3 0 0
Tile:5 4 4 1
Drop 2 0 0
Destroy 6 5 1
Drop 3 0 0
Tile:9_flip 5 6 1
Drop 5 0 0
Tile:7_flip 5 7 1
Drop 3 0 0
Malus 0 0 1
Drop 5 0 0
Tile:2 6 4 1
Map 12 3 0
Tile:8 6 5 1
Drop 6 0 0
Tile:8 7 4 1
Drop 3 0 0
Drop 3 0 1
Drop 3 0 0
Tile:9 7 3 1
Drop 6 0 0
Tile:6_flip 7 6 1
Drop 3 0 0
Tile:7 8 6 1
Drop 2 0 0
Drop 3 0 1
Drop 2 0 0
Tile:0 8 4 1
Drop 1 0 0
Tile:0 8 3 1
Drop 0 0 0
Drop 0 0 1
Drop 0 0 0
Drop 0 0 1
GAMEOVER DRAW
# Game ended: Sun Mar 22 17:34:29 EDT 2020
