# Server version 0.08 running on 192.168.2.24:8123
# Game ID: 14
# Board class: Saboteur.SaboteurBoard
# Timeout: 20000
# First Move Timeout: 30000
# Date: Tue Mar 31 19:04:20 EDT 2020
# Player 1: Player-0, '260805212', running on 192.168.2.24
# Player 2: Player-1, 'Human', running on 192.168.2.24
START Player-0 260805212
START Player-1 Human
BoardInit:Tile:8,Tile:8,Bonus,Tile:2,Map,Tile:14,Tile:5,Tile:6,Map,Map,Bonus,Tile:8,Destroy,Tile:7,Tile:11,Tile:9,Map,Tile:9,Tile:9,Tile:6,Tile:10,Tile:5,Tile:9,Malus,Bonus,Tile:5,Destroy,Tile:7,Tile:7,Tile:6,Tile:10,Tile:5,Tile:10,Destroy,Tile:13,Tile:0,Tile:1,Map,Map,Tile:0,Tile:8-Tile:9,Tile:6,Tile:6,Tile:15,Bonus,Tile:0,Tile:8-Tile:7,Malus,Tile:3,Tile:4,Tile:0,Tile:12,Tile:7-Tile:nugget,Tile:hidden2,Tile:hidden1
Tile:8 6 5 1
Malus 0 0 0
Bonus 0 0 1
Tile:7 7 5 0
Tile:8 7 6 1
Tile:8 8 6 0
Map 12 5 1
Tile:7_flip 8 7 0
Tile:6 9 6 1
Tile:6_flip 10 6 0
Map 12 7 1
Map 12 7 0
Tile:6 11 6 1
Tile:8 12 6 0
Tile:9 12 4 1
GAMEOVER WINNER 1
# Game ended: Tue Mar 31 19:04:46 EDT 2020
