# Server version 0.08 running on 192.168.2.24:8123
# Game ID: 34
# Board class: Saboteur.SaboteurBoard
# Timeout: 20000
# First Move Timeout: 30000
# Date: Sun Mar 22 17:05:50 EDT 2020
# Player 1: Player-0, 'RandomPlayer', running on localhost
# Player 2: Player-1, '260805212', running on localhost
START Player-0 RandomPlayer
START Player-1 260805212
BoardInit:Tile:0,Tile:14,Map,Tile:1,Map,Tile:7,Tile:5,Map,Bonus,Tile:8,Tile:6,Malus,Tile:6,Tile:10,Tile:13,Malus,Tile:8,Destroy,Tile:8,Tile:7,Tile:15,Tile:6,Tile:0,Tile:5,Bonus,Tile:9,Destroy,Tile:2,Tile:11,Tile:4,Tile:9,Tile:7,Map,Tile:7,Tile:6,Tile:0,Tile:10,Bonus,Tile:12-Destroy,Tile:6,Tile:9,Tile:9,Tile:8,Tile:3,Bonus-Tile:9,Tile:10,Tile:7,Tile:8,Tile:0,Tile:5,Tile:5-Tile:hidden1,Tile:hidden2,Tile:nugget
Tile:8 5 6 1
Tile:0 4 6 0
Destroy 4 6 1
Tile:7 6 5 0
Drop 2 0 1
Tile:5_flip 6 6 0
Tile:6 5 7 1
Tile:7 6 7 0
Tile:9 4 6 1
Tile:8 4 7 0
Tile:3 5 4 1
Map 12 3 0
Tile:6 3 7 1
Drop 0 0 0
Tile:5_flip 6 8 1
Tile:8 4 5 0
Tile:0 2 7 1
Drop 0 0 0
Tile:13 4 4 1
Destroy 5 4 0
Map 12 3 1
Tile:1 3 5 0
Drop 5 0 1
Tile:6_flip 4 3 0
Tile:6 3 3 1
Drop 2 0 0
Drop 3 0 1
Tile:9_flip 4 8 0
Map 12 7 1
Tile:5 2 5 0
Tile:11 4 9 1
Tile:7_flip 2 6 0
Destroy 4 4 1
Tile:4 5 4 0
Tile:0 2 3 1
Tile:5 3 2 0
Tile:9_flip 5 9 1
Drop 3 0 0
Tile:15 5 10 1
Tile:14_flip 3 8 0
Tile:6 4 2 1
Tile:10 4 4 0
Drop 3 0 1
Tile:7 3 6 0
Drop 0 0 1
Drop 2 0 0
Tile:12 5 3 1
Tile:7 4 1 0
Tile:10 3 9 1
Drop 1 0 0
Drop 0 0 1
Malus 0 0 0
Drop 0 0 1
GAMEOVER DRAW
# Game ended: Sun Mar 22 17:05:51 EDT 2020
