# Server version 0.08 running on 192.168.2.24:8123
# Game ID: 9
# Board class: Saboteur.SaboteurBoard
# Timeout: 20000
# First Move Timeout: 30000
# Date: Sun Mar 22 19:11:38 EDT 2020
# Player 1: Player-0, '260805212', running on localhost
# Player 2: Player-1, 'RandomPlayer', running on localhost
START Player-0 260805212
START Player-1 RandomPlayer
BoardInit:Tile:6,Bonus,Tile:9,Tile:5,Tile:9,Map,Destroy,Tile:8,Tile:0,Tile:6,Tile:5,Bonus,Destroy,Tile:7,Tile:6,Tile:2,Tile:7,Tile:13,Malus,Tile:8,Tile:9,Tile:15,Malus,Tile:0,Tile:8,Map,Tile:0,Tile:11,Tile:3,Map,Tile:14,Bonus,Tile:7,Destroy,Tile:7,Bonus,Tile:6,Map,Tile:5-Tile:10,Tile:1,Tile:12,Tile:5,Tile:8,Tile:4,Tile:7-Tile:0,Tile:9,Tile:9,Tile:10,Tile:8,Tile:10,Tile:6-Tile:hidden2,Tile:nugget,Tile:hidden1
Tile:5 4 5 1
Tile:0 6 5 0
Drop 1 0 1
Tile:9_flip 7 5 0
Tile:4 7 4 1
Tile:9 7 6 0
Drop 6 0 1
Map 12 7 0
Tile:9_flip 8 6 1
Tile:10 8 5 0
Tile:10 8 4 1
Tile:6_flip 8 3 0
Tile:7_flip 7 3 1
Tile:6_flip 9 3 0
Tile:8 5 4 1
Tile:7_flip 9 4 0
Tile:12_flip 4 4 1
Tile:8 10 4 0
Tile:6_flip 7 2 1
Tile:8 11 4 0
Tile:7_flip 6 2 1
Tile:8 11 5 0
GAMEOVER WINNER 0
# Game ended: Sun Mar 22 19:11:38 EDT 2020
