# Server version 0.08 running on 192.168.2.24:8123
# Game ID: 39
# Board class: Saboteur.SaboteurBoard
# Timeout: 20000
# First Move Timeout: 30000
# Date: Sun Mar 22 17:14:46 EDT 2020
# Player 1: Player-0, 'RandomPlayer', running on localhost
# Player 2: Player-1, '260805212', running on localhost
START Player-0 RandomPlayer
START Player-1 260805212
BoardInit:Tile:6,Bonus,Tile:5,Tile:6,Tile:7,Tile:7,Tile:5,Malus,Map,Tile:10,Tile:15,Tile:8,Destroy,Tile:6,Tile:8,Tile:10,Bonus,Tile:8,Map,Tile:6,Destroy,Tile:13,Tile:0,Tile:5,Tile:10,Tile:7,Tile:0,Tile:2,Map,Tile:9,Destroy,Tile:0,Tile:8,Tile:0,Bonus,Tile:1,Tile:4,Tile:11,Tile:7-Tile:5,Map,Tile:9,Tile:12,Tile:7,Tile:9,Tile:9-Tile:9,Tile:14,Tile:8,Bonus,Tile:3,Tile:6,Malus-Tile:hidden2,Tile:nugget,Tile:hidden1
Map 7 12 1
Tile:6 6 5 0
Tile:9 4 5 1
Tile:9_flip 7 5 0
Tile:7_flip 4 6 1
Malus 0 0 0
Drop 5 0 1
Drop 4 0 0
Drop 1 0 1
Tile:6 5 6 0
Map 7 12 1
Tile:3 6 6 0
Drop 0 0 1
Tile:8 7 4 0
Destroy 4 5 1
Tile:8 6 7 0
Drop 5 0 1
Drop 5 0 0
Drop 3 0 1
Tile:8 4 5 0
Map 7 12 1
Tile:10 6 8 0
Drop 0 0 1
Tile:14_flip 6 4 0
Drop 0 0 1
Tile:10 7 6 0
Destroy 7 5 1
Tile:5 5 7 0
Drop 6 0 1
Tile:2 8 4 0
Map 7 12 1
Tile:13 7 5 0
Drop 6 0 1
Tile:9 4 4 0
Drop 0 0 1
Drop 4 0 0
Drop 3 0 1
Tile:6 8 5 0
Bonus 0 0 1
Tile:11_flip 5 4 0
Tile:4_flip 6 9 1
Drop 1 0 0
Tile:8 7 7 1
Tile:0 3 5 0
Tile:5 5 3 1
Tile:1 6 3 0
Tile:10 5 8 1
Tile:0 2 5 0
Drop 2 0 1
Drop 1 0 0
Tile:8 8 7 1
Drop 0 0 0
Drop 0 0 1
GAMEOVER DRAW
# Game ended: Sun Mar 22 17:14:46 EDT 2020
