# Server version 0.08 running on 192.168.2.24:8123
# Game ID: 33
# Board class: Saboteur.SaboteurBoard
# Timeout: 20000
# First Move Timeout: 30000
# Date: Sun Mar 22 17:05:03 EDT 2020
# Player 1: Player-0, 'RandomPlayer', running on localhost
# Player 2: Player-1, '260805212', running on localhost
START Player-0 RandomPlayer
START Player-1 260805212
BoardInit:Tile:8,Tile:6,Tile:7,Tile:9,Tile:3,Tile:10,Tile:14,Tile:8,Tile:13,Tile:8,Destroy,Destroy,Tile:0,Tile:15,Tile:10,Tile:5,Bonus,Tile:9,Tile:6,Tile:7,Bonus,Map,Tile:0,Tile:9,Destroy,Tile:4,Tile:9,Tile:1,Tile:0,Tile:11,Bonus,Map,Tile:6,Tile:12,Malus,Malus,Tile:9,Tile:7,Bonus-Map,Tile:8,Tile:6,Tile:2,Tile:5,Tile:5,Tile:7-Tile:7,Tile:5,Tile:6,Map,Tile:0,Tile:10,Tile:8-Tile:nugget,Tile:hidden1,Tile:hidden2
Tile:2_flip 4 5 1
Tile:5_flip 6 5 0
Tile:5 4 4 1
Tile:10 5 6 0
Tile:6 5 7 1
Map 12 3 0
Tile:8 6 4 1
Tile:6 6 7 0
Tile:5_flip 7 7 1
Tile:8 4 7 0
Tile:3 4 6 1
Tile:0 3 7 0
Tile:7_flip 3 6 1
Tile:10 7 6 0
Destroy 5 7 1
Tile:8 7 4 0
Tile:14_flip 2 7 1
Destroy 5 6 0
Tile:13 5 4 1
Tile:7 6 3 0
Tile:8 5 7 1
Tile:15 7 3 0
Tile:7 6 6 1
Tile:9_flip 2 8 0
Tile:6 2 9 1
Tile:6 8 4 0
Drop 0 0 1
Tile:8 1 8 0
Tile:10 7 2 1
Drop 6 0 0
Destroy 6 3 1
Tile:7 5 3 0
Tile:0 4 3 1
Tile:11 3 3 0
Tile:6 1 9 1
Tile:9 7 5 0
Tile:0 8 5 1
Tile:5 7 1 0
Tile:9_flip 3 9 1
Map 12 7 0
Tile:0 8 1 1
Tile:7_flip 5 8 0
Tile:9 0 8 1
Tile:12 9 5 0
Drop 1 0 1
Tile:9 5 6 0
Drop 0 0 1
Drop 1 0 0
Malus 0 0 1
Drop 1 0 0
Drop 0 0 1
Drop 0 0 0
Drop 0 0 1
GAMEOVER DRAW
# Game ended: Sun Mar 22 17:05:04 EDT 2020
