# Server version 0.08 running on 192.168.2.24:8123
# Game ID: 44
# Board class: Saboteur.SaboteurBoard
# Timeout: 20000
# First Move Timeout: 30000
# Date: Sun Mar 22 17:29:30 EDT 2020
# Player 1: Player-0, 'RandomPlayer', running on localhost
# Player 2: Player-1, '260805212', running on localhost
START Player-0 RandomPlayer
START Player-1 260805212
BoardInit:Tile:11,Bonus,Tile:9,Tile:7,Tile:8,Tile:8,Tile:2,Tile:9,Tile:13,Malus,Destroy,Map,Tile:0,Tile:10,Tile:6,Tile:9,Tile:8,Tile:5,Tile:5,Tile:0,Tile:6,Tile:8,Tile:0,Tile:5,Malus,Tile:5,Tile:15,Tile:9,Tile:1,Tile:14,Tile:9,Destroy,Tile:7,Tile:4,Tile:10,Tile:7,Map,Tile:6,Bonus-Map,Tile:6,Tile:0,Bonus,Tile:3,Tile:12,Tile:7-Tile:8,Bonus,Tile:6,Tile:10,Destroy,Tile:7,Map-Tile:hidden2,Tile:hidden1,Tile:nugget
Map 12 7 1
Tile:8 6 5 0
Tile:11_flip 5 4 1
Tile:10 6 4 0
Tile:9 6 6 1
Tile:7_flip 4 5 0
Tile:8 7 6 1
Tile:7 5 3 0
Tile:12_flip 4 3 1
Map 12 7 0
Drop 0 0 1
Drop 0 0 0
Drop 4 0 1
Tile:8 8 6 0
Drop 2 0 1
Tile:9 6 7 0
Destroy 5 3 1
Tile:9 8 5 0
Tile:0 9 6 1
Tile:6 7 7 0
Tile:5 8 4 1
Drop 4 0 0
Tile:6_flip 9 4 1
Tile:5_flip 9 5 0
Drop 2 0 1
Malus 0 0 0
Malus 0 0 1
Destroy 6 7 0
Drop 6 0 1
Drop 6 0 0
Drop 1 0 1
Drop 3 0 0
Drop 4 0 1
Destroy 4 5 0
Drop 0 0 1
Drop 4 0 0
Drop 3 0 1
Map 12 7 0
Map 12 5 1
Drop 0 0 0
Drop 4 0 1
Drop 3 0 0
Bonus 0 0 1
Drop 2 0 0
Tile:0 10 6 1
Drop 2 0 0
Drop 2 0 1
Drop 1 0 0
Tile:8 5 3 1
Drop 0 0 0
Tile:6 8 7 1
Drop 0 0 0
Tile:10 5 6 1
GAMEOVER DRAW
# Game ended: Sun Mar 22 17:29:33 EDT 2020
