# Server version 0.08 running on 192.168.2.24:8123
# Game ID: 1
# Board class: Saboteur.SaboteurBoard
# Timeout: 20000
# First Move Timeout: 30000
# Date: Sat Mar 21 17:12:12 EDT 2020
# Player 1: Player-0, 'RandomPlayer', running on localhost
# Player 2: Player-1, 'xxxxxxxxx', running on localhost
START Player-0 RandomPlayer
START Player-1 xxxxxxxxx
BoardInit:Tile:15,Tile:4,Tile:5,Tile:0,Map,Bonus,Tile:6,Tile:9,Tile:6,Destroy,Malus,Tile:8,Tile:6,Tile:9,Tile:6,Tile:2,Tile:9,Tile:10,Tile:0,Tile:9,Tile:7,Tile:5,Bonus,Tile:7,Tile:7,Tile:8,Bonus,Tile:9,Tile:5,Tile:11,Map,Tile:0,Tile:6,Tile:8,Tile:12,Destroy,Tile:8,Tile:8,Tile:10-Tile:7,Bonus,Map,Tile:14,Tile:3,Tile:10,Tile:1-Tile:0,Tile:7,Tile:13,Map,Destroy,Malus,Tile:5-Tile:hidden1,Tile:hidden2,Tile:nugget
Tile:7_flip 5 6 1
Tile:13 5 4 0
Map 12 5 1
Tile:5 5 3 0
Drop 4 0 1
Tile:0 4 4 0
Tile:5_flip 6 4 1
Tile:7_flip 3 4 0
Map 12 7 1
Tile:0 6 5 0
Tile:6_flip 4 5 1
Tile:4_flip 4 6 0
Tile:6_flip 3 5 1
Tile:9_flip 7 5 0
Tile:6 7 6 1
Destroy 6 5 0
Tile:14_flip 2 5 1
Tile:9 7 4 0
Tile:3 6 3 1
Tile:2 6 6 0
Tile:9_flip 2 6 1
Tile:9_flip 6 7 0
Tile:0 6 5 1
Tile:10 7 3 0
Tile:15 2 7 1
Destroy 4 6 0
Tile:10 3 6 1
Tile:5 3 3 0
Tile:7 7 2 1
Drop 5 0 0
Tile:7_flip 1 6 1
Tile:7_flip 6 2 0
Map 12 3 1
Tile:0 8 6 0
Tile:6_flip 5 7 1
Tile:8 2 8 0
Tile:6 4 7 1
Destroy 2 8 0
Drop 6 0 1
Tile:8 2 8 0
Tile:12 4 3 1
Tile:9_flip 8 4 0
Tile:10 8 3 1
Tile:8 6 8 0
Drop 3 0 1
Tile:11 3 7 0
Tile:5_flip 3 8 1
Drop 2 0 0
Malus 0 0 1
Map 12 7 0
Drop 0 0 1
Malus 0 0 0
Drop 0 0 1
GAMEOVER DRAW
# Game ended: Sat Mar 21 17:12:12 EDT 2020
