# Server version 0.08 running on 192.168.2.24:8123
# Game ID: 3
# Board class: Saboteur.SaboteurBoard
# Timeout: 20000
# First Move Timeout: 30000
# Date: Sun Mar 22 19:10:56 EDT 2020
# Player 1: Player-0, 'RandomPlayer', running on localhost
# Player 2: Player-1, '260805212', running on localhost
START Player-0 RandomPlayer
START Player-1 260805212
BoardInit:Bonus,Tile:7,Tile:8,Malus,Tile:6,Tile:9,Map,Tile:5,Bonus,Tile:5,Tile:7,Tile:0,Malus,Tile:2,Tile:6,Tile:15,Tile:14,Map,Tile:10,Tile:3,Tile:4,Tile:11,Bonus,Tile:8,Tile:6,Tile:10,Tile:9,Tile:0,Destroy,Tile:6,Destroy,Tile:9,Map,Tile:7,Tile:12,Tile:0,Bonus,Tile:0,Tile:5-Tile:1,Tile:8,Tile:7,Tile:5,Tile:13,Tile:7,Tile:8-Tile:10,Tile:8,Tile:9,Tile:9,Destroy,Tile:6,Map-Tile:hidden1,Tile:hidden2,Tile:nugget
Tile:8 6 5 1
Tile:9 6 6 0
Tile:7 7 5 1
Tile:10 5 6 0
Tile:8 7 6 1
Tile:8 5 7 0
Tile:6_flip 8 6 1
Tile:6 4 5 0
Map 12 7 1
Tile:5_flip 7 7 0
Tile:8 9 6 1
Tile:9 9 7 0
Tile:7_flip 9 8 1
Map 12 7 0
Malus 0 0 1
Malus 0 0 0
Bonus 0 0 1
Drop 1 0 0
Tile:6_flip 10 6 1
Drop 2 0 0
Tile:10 9 5 1
Map 12 7 0
Tile:7_flip 4 7 1
Drop 6 0 0
Tile:5_flip 11 6 1
Drop 6 0 0
Tile:6_flip 11 5 1
Drop 5 0 0
Tile:9_flip 13 5 1
Drop 3 0 0
Tile:4 13 4 1
Drop 1 0 0
Tile:14_flip 4 4 1
Drop 6 0 0
Tile:13 10 8 1
Drop 5 0 0
Map 12 3 1
Drop 3 0 0
Drop 5 0 1
Drop 0 0 0
Tile:5_flip 13 6 1
Drop 2 0 0
Drop 0 0 1
Drop 1 0 0
Drop 3 0 1
Drop 1 0 0
Drop 3 0 1
Drop 1 0 0
Drop 0 0 1
Drop 1 0 0
Drop 1 0 1
Drop 0 0 0
Drop 0 0 1
GAMEOVER DRAW
# Game ended: Sun Mar 22 19:10:57 EDT 2020
