# Server version 0.08 running on 192.168.2.24:8123
# Game ID: 11
# Board class: Saboteur.SaboteurBoard
# Timeout: 20000
# First Move Timeout: 30000
# Date: Sun Mar 22 19:11:41 EDT 2020
# Player 1: Player-0, '260805212', running on localhost
# Player 2: Player-1, 'RandomPlayer', running on localhost
START Player-0 260805212
START Player-1 RandomPlayer
BoardInit:Tile:7,Tile:5,Tile:8,Map,Tile:0,Tile:9,Malus,Tile:6,Tile:5,Tile:2,Destroy,Tile:13,Tile:14,Tile:10,Tile:6,Tile:8,Bonus,Tile:12,Bonus,Tile:0,Tile:8,Tile:9,Tile:9,Tile:4,Tile:6,Tile:6,Tile:0,Destroy,Tile:9,Tile:7,Tile:7,Map,Tile:6,Tile:8,Tile:8,Tile:5,Tile:7,Malus,Tile:11-Map,Tile:5,Tile:7,Tile:3,Tile:10,Destroy,Tile:0-Bonus,Tile:1,Tile:15,Tile:10,Bonus,Tile:9,Map-Tile:hidden2,Tile:nugget,Tile:hidden1
Map 12 7 1
Map 12 7 0
Tile:7_flip 5 6 1
Tile:9_flip 6 5 0
Tile:3 5 4 1
Map 12 5 0
Tile:8 4 4 1
Tile:9 6 4 0
Drop 2 0 1
Tile:6 7 4 0
Tile:5_flip 6 6 1
Tile:5_flip 8 4 0
Drop 3 0 1
Tile:10 8 3 0
Drop 0 0 1
Tile:10 7 3 0
Tile:5 4 3 1
Tile:8 8 2 0
Tile:14_flip 7 2 1
Tile:13 4 5 0
Tile:6 3 5 1
Tile:0 9 2 0
Tile:0 5 3 1
Tile:9_flip 10 2 0
Drop 2 0 1
Tile:4 10 1 0
Tile:9_flip 8 1 1
Tile:6_flip 8 0 0
Drop 4 0 1
Tile:2 9 0 0
Tile:0 10 0 1
Tile:7_flip 10 3 0
Tile:9 3 4 1
Map 12 3 0
Drop 2 0 1
Tile:8 11 3 0
Tile:7_flip 12 4 1
Tile:5_flip 13 3 0
Tile:7 3 3 1
Malus 0 0 0
Drop 2 0 1
Tile:1 13 4 0
Malus 0 0 1
Bonus 0 0 0
Bonus 0 0 1
Tile:12_flip 2 5 0
Tile:7 6 3 1
Tile:15 11 2 0
Tile:6 2 3 1
Drop 1 0 0
Tile:11_flip 4 6 1
Drop 0 0 0
Tile:8 7 0 1
GAMEOVER DRAW
# Game ended: Sun Mar 22 19:11:42 EDT 2020
