# Server version 0.08 running on 192.168.2.24:8123
# Game ID: 2
# Board class: Saboteur.SaboteurBoard
# Timeout: 20000
# First Move Timeout: 30000
# Date: Sat Mar 21 17:12:14 EDT 2020
# Player 1: Player-0, 'xxxxxxxxx', running on localhost
# Player 2: Player-1, 'RandomPlayer', running on localhost
START Player-0 xxxxxxxxx
START Player-1 RandomPlayer
BoardInit:Tile:15,Map,Tile:2,Bonus,Tile:6,Tile:10,Tile:6,Tile:8,Tile:13,Malus,Tile:6,Tile:9,Tile:12,Tile:8,Tile:3,Destroy,Tile:10,Tile:7,Tile:8,Tile:0,Tile:0,Tile:4,Malus,Tile:6,Tile:0,Map,Tile:9,Tile:5,Tile:8,Destroy,Tile:7,Bonus,Tile:5,Destroy,Tile:1,Tile:7,Tile:14,Tile:0,Tile:9-Tile:5,Tile:7,Tile:8,Tile:9,Tile:7,Tile:11,Bonus-Tile:10,Map,Tile:6,Tile:9,Bonus,Tile:5,Map-Tile:hidden1,Tile:hidden2,Tile:nugget
Tile:8 6 5 1
Map 12 3 0
Tile:9 6 4 1
Drop 5 0 0
Tile:11_flip 7 4 1
Map 12 5 0
Tile:15 5 4 1
Tile:5_flip 7 5 0
Tile:2 4 5 1
Tile:9_flip 4 6 0
Tile:5 3 5 1
Tile:8 5 3 0
Tile:7_flip 5 6 1
Tile:6_flip 7 3 0
Tile:6 6 6 1
Tile:8 3 6 0
Tile:6 2 6 1
Tile:10 2 5 0
Drop 1 0 1
Tile:7_flip 1 6 0
Tile:13 6 3 1
Tile:10 1 5 0
Tile:10 3 7 1
Drop 1 0 0
Tile:8 1 4 1
Drop 4 0 0
Tile:7 7 6 1
Tile:6 0 4 0
Tile:9_flip 8 3 1
Destroy 6 6 0
Tile:3_flip 8 4 1
Tile:4 6 2 0
Tile:8 2 4 1
Destroy 5 3 0
Tile:5 2 3 1
Tile:5_flip 3 4 0
Tile:6 9 4 1
Tile:9_flip 7 7 0
Drop 2 0 1
Tile:7_flip 4 7 0
Tile:9_flip 3 3 1
Drop 1 0 0
Tile:1 6 7 1
Destroy 3 5 0
Tile:14_flip 3 2 1
Drop 2 0 0
Drop 2 0 1
Tile:0 4 2 0
Drop 2 0 1
Drop 0 0 0
Tile:12 5 2 1
Map 12 5 0
Tile:0 5 7 1
GAMEOVER DRAW
# Game ended: Sat Mar 21 17:12:15 EDT 2020
