# Server version 0.08 running on 192.168.2.24:8123
# Game ID: 46
# Board class: Saboteur.SaboteurBoard
# Timeout: 20000
# First Move Timeout: 30000
# Date: Sun Mar 22 17:34:46 EDT 2020
# Player 1: Player-0, 'RandomPlayer', running on localhost
# Player 2: Player-1, '260805212', running on localhost
START Player-0 RandomPlayer
START Player-1 260805212
BoardInit:Tile:10,Malus,Map,Tile:6,Tile:1,Tile:9,Tile:7,Tile:9,Destroy,Tile:0,Tile:0,Tile:5,Tile:9,Tile:7,Tile:10,Tile:11,Tile:8,Tile:5,Tile:8,Tile:7,Bonus,Bonus,Tile:9,Tile:5,Tile:0,Tile:6,Map,Destroy,Tile:7,Tile:14,Tile:6,Bonus,Tile:8,Tile:4,Destroy,Tile:15,Tile:10,Map,Tile:0-Tile:9,Tile:6,Map,Tile:12,Tile:8,Tile:3,Tile:7-Tile:13,Tile:5,Bonus,Malus,Tile:8,Tile:2,Tile:6-Tile:nugget,Tile:hidden1,Tile:hidden2
Map 12 7 1
Tile:6 5 6 0
Drop 1 0 1
Tile:5_flip 6 6 0
Map 12 5 1
Tile:13 4 5 0
Tile:8 6 5 1
Malus 0 0 0
Drop 1 0 1
Tile:9 4 6 0
Destroy 4 5 1
Tile:8 4 5 0
Drop 0 0 1
Drop 0 0 0
Drop 0 0 1
Tile:6_flip 7 5 0
Drop 5 0 1
Tile:11 5 4 0
Drop 3 0 1
Drop 5 0 0
Drop 2 0 1
Tile:5_flip 8 5 0
Drop 3 0 1
Tile:9 4 7 0
Drop 5 0 1
Drop 4 0 0
Drop 0 0 1
Tile:5_flip 4 8 0
Drop 4 0 1
Tile:2 5 3 0
Map 12 3 1
Malus 0 0 0
Drop 6 0 1
Tile:6_flip 6 3 0
Drop 3 0 1
Destroy 5 4 0
Destroy 5 6 1
Drop 6 0 0
Drop 6 0 1
Map 12 5 0
Drop 2 0 1
Tile:0 3 5 0
Drop 1 0 1
Tile:5 3 8 0
Drop 3 0 1
Tile:4_flip 7 6 0
Drop 0 0 1
Tile:14 7 3 0
Drop 2 0 1
Drop 0 0 0
Drop 0 0 1
Drop 0 0 0
Drop 0 0 1
GAMEOVER DRAW
# Game ended: Sun Mar 22 17:34:46 EDT 2020
