# Server version 0.08 running on 192.168.2.24:8123
# Game ID: 30
# Board class: Saboteur.SaboteurBoard
# Timeout: 20000
# First Move Timeout: 30000
# Date: Sun Mar 22 17:01:35 EDT 2020
# Player 1: Player-0, 'RandomPlayer', running on localhost
# Player 2: Player-1, '260805212', running on localhost
START Player-0 RandomPlayer
START Player-1 260805212
BoardInit:Tile:8,Tile:8,Bonus,Tile:15,Map,Tile:11,Tile:8,Malus,Tile:7,Tile:5,Map,Tile:2,Destroy,Tile:7,Tile:9,Tile:6,Bonus,Tile:0,Destroy,Tile:13,Tile:10,Tile:5,Tile:12,Tile:7,Tile:6,Tile:9,Tile:8,Tile:7,Tile:9,Tile:9,Destroy,Tile:6,Tile:6,Malus,Bonus,Tile:9,Tile:10,Tile:7,Tile:10-Tile:0,Bonus,Tile:6,Tile:3,Tile:8,Tile:5,Tile:0-Tile:1,Tile:14,Tile:0,Tile:4,Tile:5,Map,Map-Tile:hidden2,Tile:hidden1,Tile:nugget
Tile:0 4 5 1
Tile:0 6 5 0
Tile:6 5 6 1
Tile:14_flip 5 4 0
Tile:8 7 5 1
Tile:15 7 6 0
Tile:5 4 6 1
Tile:8 4 7 0
Tile:3 6 6 1
Tile:5 3 5 0
Drop 5 0 1
Tile:11_flip 3 6 0
Map 12 7 1
Tile:2 8 5 0
Tile:0 2 6 1
Drop 5 0 0
Destroy 3 5 1
Tile:7_flip 3 7 0
Tile:9 7 7 1
Tile:6 8 7 0
Tile:7 7 4 1
Map 12 5 0
Destroy 7 6 1
Tile:13 7 8 0
Tile:12 8 8 1
Map 12 5 0
Drop 1 0 1
Tile:9_flip 9 5 0
Tile:8 1 6 1
Tile:1 0 6 0
Tile:6 6 4 1
Tile:7_flip 4 8 0
Drop 3 0 1
Tile:7 5 8 0
Tile:6_flip 3 5 1
Drop 0 0 0
Drop 1 0 1
Tile:0 5 7 0
Destroy 4 5 1
Tile:5_flip 6 7 0
Tile:9_flip 9 6 1
Tile:9 9 4 0
Tile:10 7 6 1
Tile:6 5 9 0
Tile:10 1 5 1
Tile:7_flip 1 7 0
Map 12 3 1
Tile:9_flip 7 9 0
Tile:10 9 3 1
Malus 0 0 0
Bonus 0 0 1
Malus 0 0 0
Drop 0 0 1
GAMEOVER DRAW
# Game ended: Sun Mar 22 17:01:36 EDT 2020
