# Server version 0.08 running on 192.168.2.24:8123
# Game ID: 7
# Board class: Saboteur.SaboteurBoard
# Timeout: 20000
# First Move Timeout: 30000
# Date: Sun Mar 22 14:26:48 EDT 2020
# Player 1: Player-0, '260805212', running on localhost
# Player 2: Player-1, 'RandomPlayer', running on localhost
START Player-0 260805212
START Player-1 RandomPlayer
BoardInit:Tile:9,Tile:7,Map,Tile:14,Tile:8,Tile:13,Tile:6,Tile:0,Destroy,Map,Tile:9,Malus,Tile:6,Tile:7,Tile:7,Tile:5,Tile:12,Tile:15,Tile:8,Tile:9,Bonus,Malus,Destroy,Tile:5,Tile:7,Tile:0,Tile:6,Tile:8,Tile:6,Tile:9,Destroy,Bonus,Tile:5,Tile:10,Tile:6,Tile:5,Tile:0,Tile:11,Tile:10-Tile:7,Map,Tile:1,Bonus,Tile:8,Tile:10,Tile:9-Bonus,Tile:4,Tile:8,Map,Tile:3,Tile:0,Tile:2-Tile:nugget,Tile:hidden2,Tile:hidden1
Drop 3 0 1
Drop 3 0 0
Tile:9_flip 5 4 1
Tile:2 5 3 0
Tile:8 4 3 1
Tile:0 6 5 0
Tile:10 5 6 1
Tile:13 4 4 0
Tile:6_flip 6 3 1
Tile:8 4 5 0
Tile:9_flip 4 6 1
Drop 1 0 0
Map 12 5 1
Tile:14 7 5 0
Tile:8 4 7 1
Tile:7 4 2 0
Tile:7_flip 3 3 1
Tile:3_flip 3 7 0
Tile:6_flip 7 4 1
Tile:5 3 2 0
Tile:12 8 4 1
Tile:7_flip 6 4 0
Destroy 6 5 1
Tile:9 3 5 0
Tile:7_flip 4 8 1
Tile:5_flip 5 8 0
Map 12 5 1
Tile:0 6 5 0
Drop 6 0 1
Tile:8 3 6 0
Tile:1 2 6 1
Drop 0 0 0
Destroy 6 4 1
Map 12 5 0
Destroy 8 4 1
Tile:9 1 6 0
Tile:6 7 3 1
Tile:5_flip 1 7 0
Tile:5 1 5 1
Tile:11_flip 8 3 0
Drop 2 0 1
Tile:10 8 2 0
Tile:8 5 7 1
Tile:15 7 2 0
Tile:6_flip 3 4 1
Tile:0 6 7 0
Tile:7_flip 2 4 1
Drop 0 0 0
Drop 2 0 1
Drop 1 0 0
Drop 0 0 1
Malus 0 0 0
Drop 0 0 1
GAMEOVER DRAW
# Game ended: Sun Mar 22 14:26:49 EDT 2020
