# Server version 0.08 running on 192.168.2.24:8123
# Game ID: 35
# Board class: Saboteur.SaboteurBoard
# Timeout: 20000
# First Move Timeout: 30000
# Date: Sun Mar 22 17:06:03 EDT 2020
# Player 1: Player-0, 'RandomPlayer', running on localhost
# Player 2: Player-1, '260805212', running on localhost
START Player-0 RandomPlayer
START Player-1 260805212
BoardInit:Tile:0,Tile:12,Tile:5,Tile:6,Tile:9,Bonus,Tile:2,Tile:15,Tile:5,Tile:9,Tile:7,Tile:3,Malus,Tile:10,Tile:8,Map,Tile:11,Tile:1,Tile:6,Tile:6,Tile:7,Map,Malus,Destroy,Tile:9,Tile:4,Map,Tile:7,Tile:5,Tile:14,Tile:0,Tile:13,Tile:6,Bonus,Tile:7,Tile:7,Tile:8,Tile:8,Tile:0-Bonus,Tile:9,Tile:5,Map,Destroy,Tile:9,Destroy-Tile:8,Bonus,Tile:0,Tile:10,Tile:10,Tile:6,Tile:8-Tile:hidden1,Tile:nugget,Tile:hidden2
Tile:9 4 5 1
Tile:6_flip 6 5 0
Destroy 6 5 1
Tile:8 6 5 0
Drop 2 0 1
Tile:10 6 4 0
Tile:5_flip 7 5 1
Tile:10 6 6 0
Tile:9_flip 4 6 1
Tile:15 4 7 0
Tile:9_flip 5 4 1
Tile:6_flip 5 3 0
Tile:2_flip 4 3 1
Tile:12_flip 3 3 0
Tile:5 3 6 1
Drop 2 0 0
Tile:8 6 7 1
Tile:9 7 4 0
Tile:7 6 3 1
Tile:10 3 7 0
Tile:5_flip 6 8 1
Tile:3_flip 3 8 0
Tile:6 4 8 1
Tile:0 7 7 0
Drop 2 0 1
Drop 2 0 0
Destroy 6 8 1
Map 12 7 0
Tile:9_flip 4 2 1
Tile:7_flip 3 2 0
Tile:5 5 7 1
Destroy 4 5 0
Malus 0 0 1
Drop 6 0 0
Tile:6 5 8 1
Drop 3 0 0
Tile:11_flip 8 4 1
Drop 2 0 0
Map 12 7 1
Bonus 0 0 0
Drop 4 0 1
Tile:7 3 1 0
Tile:0 4 4 1
Tile:4_flip 5 6 0
Drop 3 0 1
Tile:8 8 3 0
Tile:7_flip 2 1 1
Tile:14_flip 7 3 0
Malus 0 0 1
Bonus 0 0 0
Tile:0 3 4 1
Drop 0 0 0
Drop 0 0 1
GAMEOVER DRAW
# Game ended: Sun Mar 22 17:06:03 EDT 2020
