# Server version 0.08 running on 192.168.2.24:8123
# Game ID: 50
# Board class: Saboteur.SaboteurBoard
# Timeout: 20000
# First Move Timeout: 30000
# Date: Sun Mar 22 17:42:18 EDT 2020
# Player 1: Player-0, 'RandomPlayer', running on localhost
# Player 2: Player-1, '260805212', running on localhost
START Player-0 RandomPlayer
START Player-1 260805212
BoardInit:Tile:8,Tile:15,Tile:10,Malus,Tile:7,Map,Map,Tile:2,Tile:8,Tile:12,Malus,Tile:9,Bonus,Tile:9,Tile:11,Tile:1,Tile:5,Bonus,Tile:8,Tile:6,Tile:3,Tile:0,Tile:5,Destroy,Tile:9,Tile:9,Tile:7,Tile:8,Destroy,Tile:5,Tile:6,Tile:7,Tile:13,Tile:5,Tile:7,Tile:10,Tile:4,Tile:8,Tile:6-Tile:0,Tile:7,Tile:14,Tile:0,Destroy,Tile:6,Tile:6-Map,Tile:9,Bonus,Bonus,Tile:10,Tile:0,Map-Tile:hidden2,Tile:hidden1,Tile:nugget
Tile:6 4 5 1
Map 12 7 0
Tile:6_flip 4 4 1
Map 12 5 0
Tile:8 5 4 1
Malus 0 0 0
Destroy 4 5 1
Tile:9_flip 5 6 0
Map 12 7 1
Tile:2 3 4 0
Drop 4 0 1
Tile:10 3 5 0
Malus 0 0 1
Drop 0 0 0
Drop 5 0 1
Map 12 5 0
Drop 1 0 1
Drop 1 0 0
Drop 3 0 1
Drop 2 0 0
Drop 2 0 1
Drop 4 0 0
Drop 3 0 1
Drop 5 0 0
Drop 5 0 1
Drop 2 0 0
Drop 0 0 1
Bonus 0 0 0
Drop 6 0 1
Tile:9_flip 3 6 0
Bonus 0 0 1
Tile:9_flip 5 3 0
Tile:8 2 6 1
Tile:7_flip 4 5 0
Tile:9_flip 2 5 1
Tile:8 2 4 0
Tile:7 2 3 1
Drop 3 0 0
Tile:4_flip 3 7 1
Tile:5_flip 2 7 0
Drop 4 0 1
Tile:5 4 6 0
Tile:14_flip 1 7 1
Tile:8 6 5 0
Drop 1 0 1
Tile:15 1 8 0
Tile:6_flip 5 2 1
Tile:10 4 7 0
Destroy 5 4 1
Tile:0 4 3 0
Tile:13 5 4 1
Drop 0 0 0
Tile:5_flip 6 2 1
GAMEOVER DRAW
# Game ended: Sun Mar 22 17:42:22 EDT 2020
