# Server version 0.08 running on 192.168.2.24:8123
# Game ID: 21
# Board class: Saboteur.SaboteurBoard
# Timeout: 20000
# First Move Timeout: 30000
# Date: Sun Mar 22 15:31:14 EDT 2020
# Player 1: Player-0, 'RandomPlayer', running on 192.168.2.24
# Player 2: Player-1, 'Human', running on 192.168.2.24
START Player-0 RandomPlayer
START Player-1 Human
BoardInit:Tile:8,Bonus,Tile:6,Destroy,Tile:1,Tile:8,Bonus,Malus,Tile:7,Tile:5,Destroy,Tile:9,Tile:0,Destroy,Tile:6,Tile:7,Tile:5,Bonus,Tile:10,Tile:4,Tile:12,Tile:14,Tile:0,Tile:7,Tile:0,Map,Tile:10,Tile:5,Tile:8,Tile:0,Tile:13,Tile:9,Tile:9,Tile:3,Tile:11,Tile:7,Tile:10,Tile:6,Tile:5-Tile:9,Tile:6,Tile:7,Tile:15,Tile:2,Tile:6,Map-Tile:8,Malus,Tile:9,Tile:8,Bonus,Map,Map-Tile:hidden1,Tile:nugget,Tile:hidden2
Tile:6 6 5 1
Map 12 3 0
Tile:8 7 5 1
Tile:9 4 5 0
Tile:6 8 5 1
Tile:8 5 4 0
Tile:6 9 5 1
Map 12 5 0
Map 12 5 1
Tile:8 4 6 0
Tile:9 9 4 1
Tile:8 6 4 0
Destroy 4 6 1
Tile:9_flip 9 3 0
Tile:0 10 5 1
Destroy 6 5 0
Tile:6 11 5 1
Malus 0 0 0
GAMEOVER USER CANCEL UNDECIDED
# Game ended: Sun Mar 22 15:32:31 EDT 2020
