# Server version 0.08 running on 192.168.2.24:8123
# Game ID: 10
# Board class: Saboteur.SaboteurBoard
# Timeout: 20000
# First Move Timeout: 30000
# Date: Sun Mar 22 19:11:40 EDT 2020
# Player 1: Player-0, 'RandomPlayer', running on localhost
# Player 2: Player-1, '260805212', running on localhost
START Player-0 RandomPlayer
START Player-1 260805212
BoardInit:Tile:5,Tile:9,Bonus,Tile:0,Bonus,Tile:0,Tile:7,Tile:0,Tile:10,Tile:3,Tile:1,Tile:13,Tile:10,Tile:9,Malus,Tile:0,Tile:12,Tile:6,Map,Tile:6,Tile:9,Tile:6,Bonus,Map,Tile:7,Tile:9,Tile:5,Tile:6,Destroy,Destroy,Tile:6,Tile:14,Destroy,Map,Tile:2,Tile:7,Map,Tile:10,Tile:11-Tile:7,Malus,Bonus,Tile:8,Tile:4,Tile:15,Tile:9-Tile:5,Tile:8,Tile:8,Tile:8,Tile:7,Tile:8,Tile:5-Tile:hidden2,Tile:nugget,Tile:hidden1
Malus 0 0 1
Drop 3 0 0
Tile:7 6 5 1
Drop 1 0 0
Tile:5_flip 6 6 1
Drop 4 0 0
Tile:9 5 6 1
Drop 5 0 0
Tile:7_flip 5 7 1
Drop 1 0 0
Tile:10 5 4 1
Drop 4 0 0
Tile:8 4 5 1
Drop 0 0 0
Tile:10 4 4 1
Drop 0 0 0
Malus 0 0 1
Drop 5 0 0
Tile:1 6 7 1
Drop 3 0 0
Map 12 7 1
Drop 2 0 0
Tile:9_flip 7 7 1
Drop 0 0 0
Tile:15 5 3 1
Drop 4 0 0
Tile:7_flip 7 8 1
Drop 3 0 0
Tile:5_flip 8 8 1
Drop 4 0 0
Drop 0 0 1
Drop 0 0 0
Tile:6_flip 5 2 1
Drop 3 0 0
Tile:12 6 2 1
Drop 5 0 0
Drop 6 0 1
Map 12 5 0
Map 12 5 1
Drop 6 0 0
Tile:4 7 6 1
Drop 2 0 0
Drop 4 0 1
Drop 1 0 0
Tile:11 4 2 1
Drop 2 0 0
Drop 2 0 1
Drop 2 0 0
Drop 1 0 1
Drop 0 0 0
Drop 1 0 1
Drop 0 0 0
Drop 0 0 1
GAMEOVER DRAW
# Game ended: Sun Mar 22 19:11:40 EDT 2020
