# Server version 0.08 running on 192.168.2.24:8123
# Game ID: 16
# Board class: Saboteur.SaboteurBoard
# Timeout: 20000
# First Move Timeout: 30000
# Date: Sun Mar 22 14:58:35 EDT 2020
# Player 1: Player-0, 'RandomPlayer', running on 192.168.2.24
# Player 2: Player-1, 'Human', running on 192.168.2.24
START Player-0 RandomPlayer
START Player-1 Human
BoardInit:Tile:8,Tile:5,Tile:5,Destroy,Tile:5,Tile:13,Tile:7,Bonus,Destroy,Destroy,Map,Tile:2,Map,Tile:9,Tile:0,Tile:14,Tile:9,Tile:8,Tile:8,Tile:4,Tile:6,Tile:6,Bonus,Tile:12,Tile:7,Tile:1,Tile:0,Tile:6,Tile:7,Tile:6,Tile:15,Tile:0,Tile:10,Tile:0,Tile:11,Tile:9,Malus,Malus,Tile:8-Tile:10,Bonus,Bonus,Tile:3,Tile:9,Tile:7,Map-Tile:9,Tile:8,Tile:6,Tile:5,Tile:10,Tile:7,Map-Tile:hidden1,Tile:hidden2,Tile:nugget
Tile:7 6 5 1
Tile:8 4 5 0
Tile:10 6 6 1
Tile:7_flip 6 7 0
Tile:8 7 7 1
Tile:6_flip 5 4 0
Map 12 3 1
Tile:5 7 6 0
Tile:7 8 6 1
Tile:10 4 6 0
Tile:9 7 8 1
Destroy 8 6 0
Tile:5 4 4 1
Tile:9_flip 8 7 0
Destroy 8 7 1
Destroy 6 6 0
Map 12 3 1
Tile:9 5 6 0
Map 12 5 1
Tile:14_flip 3 5 0
Tile:0 6 4 1
Tile:8 7 4 0
Tile:8 8 4 1
Tile:4_flip 3 6 0
Tile:6 9 4 1
Tile:6_flip 8 3 0
Tile:7 10 4 1
Tile:2_flip 4 7 0
Tile:9 10 5 1
Tile:6 8 8 0
Tile:7 11 5 1
Tile:13 7 3 0
Tile:15 10 6 1
Tile:1 9 8 0
Tile:10 11 6 1
Tile:0 3 7 0
Tile:3 9 3 1
Tile:5_flip 5 7 0
Tile:11 7 2 1
Tile:12_flip 6 3 0
Tile:8 11 7 1
GAMEOVER WINNER 1
# Game ended: Sun Mar 22 15:02:07 EDT 2020
