# Server version 0.08 running on 192.168.2.24:8123
# Game ID: 47
# Board class: Saboteur.SaboteurBoard
# Timeout: 20000
# First Move Timeout: 30000
# Date: Sun Mar 22 17:36:08 EDT 2020
# Player 1: Player-0, 'RandomPlayer', running on localhost
# Player 2: Player-1, '260805212', running on localhost
START Player-0 RandomPlayer
START Player-1 260805212
BoardInit:Tile:0,Tile:15,Tile:11,Bonus,Map,Tile:10,Tile:7,Tile:7,Tile:9,Map,Destroy,Tile:14,Tile:7,Tile:10,Tile:5,Tile:6,Destroy,Tile:8,Tile:6,Map,Tile:9,Tile:10,Tile:7,Tile:9,Tile:8,Tile:9,Tile:8,Tile:12,Tile:7,Tile:1,Tile:0,Destroy,Tile:8,Tile:13,Bonus,Tile:5,Tile:5,Tile:0,Bonus-Bonus,Malus,Tile:0,Tile:6,Tile:4,Tile:6,Malus-Tile:2,Tile:5,Tile:9,Tile:6,Map,Tile:3,Tile:8-Tile:hidden1,Tile:hidden2,Tile:nugget
Malus 0 0 1
Map 12 3 0
Malus 0 0 1
Drop 1 0 0
Drop 4 0 1
Drop 4 0 0
Map 12 7 1
Drop 3 0 0
Tile:7_flip 4 5 1
Drop 5 0 0
Drop 2 0 1
Drop 1 0 0
Tile:11 4 4 1
Drop 6 0 0
Destroy 4 5 1
Map 12 5 0
Tile:4_flip 5 6 1
Drop 1 0 0
Drop 1 0 1
Drop 3 0 0
Tile:5 4 3 1
Drop 6 0 0
Tile:7 5 4 1
Drop 3 0 0
Tile:7_flip 4 5 1
Drop 5 0 0
Tile:0 6 5 1
Drop 0 0 0
Drop 5 0 1
Drop 6 0 0
Tile:9_flip 7 5 1
Drop 1 0 0
Tile:0 5 3 1
Destroy 5 6 0
Tile:7 7 4 1
Drop 3 0 0
Destroy 6 5 1
Drop 3 0 0
Tile:9 5 6 1
Drop 6 0 0
Tile:6_flip 6 5 1
Drop 3 0 0
Tile:8 6 6 1
Drop 2 0 0
Drop 3 0 1
Drop 2 0 0
Tile:8 7 6 1
Drop 1 0 0
Drop 2 0 1
Drop 0 0 0
Drop 0 0 1
Drop 0 0 0
Drop 0 0 1
GAMEOVER DRAW
# Game ended: Sun Mar 22 17:36:09 EDT 2020
