# Server version 0.08 running on 192.168.2.24:8123
# Game ID: 13
# Board class: Saboteur.SaboteurBoard
# Timeout: 20000
# First Move Timeout: 30000
# Date: Tue Mar 31 19:03:27 EDT 2020
# Player 1: Player-0, '260805212', running on 192.168.2.24
# Player 2: Player-1, 'Human', running on 192.168.2.24
START Player-0 260805212
START Player-1 Human
BoardInit:Tile:14,Map,Tile:9,Tile:2,Tile:1,Map,Map,Destroy,Tile:10,Map,Tile:5,Tile:12,Tile:8,Tile:15,Tile:13,Malus,Tile:7,Tile:0,Tile:6,Tile:5,Tile:9,Tile:9,Tile:5,Tile:3,Tile:7,Tile:11,Tile:6,Map,Tile:0,Map,Tile:0,Tile:10,Tile:6,Malus,Tile:8,Bonus,Tile:7,Tile:6,Tile:7,Tile:9,Tile:0-Tile:8,Bonus,Tile:10,Bonus,Tile:4,Tile:5,Tile:7-Tile:8,Bonus,Destroy,Tile:9,Tile:6,Destroy,Tile:8-Tile:hidden1,Tile:nugget,Tile:hidden2
Tile:8 6 5 1
Tile:8 7 5 0
Tile:5 7 4 1
Map 12 7 0
Tile:9 7 6 1
Tile:9_flip 8 5 0
Tile:7 8 4 1
Map 12 5 0
Map 12 5 1
Tile:8 8 6 0
Tile:10 8 7 1
Tile:6_flip 9 6 0
Tile:1 10 6 1
Drop 5 0 0
Tile:8 8 8 1
Tile:15 9 7 0
Tile:10 8 9 1
Malus 0 0 0
GAMEOVER USER CANCEL UNDECIDED
# Game ended: Tue Mar 31 19:04:16 EDT 2020
