# Server version 0.08 running on 192.168.2.24:8123
# Game ID: 20
# Board class: Saboteur.SaboteurBoard
# Timeout: 20000
# First Move Timeout: 30000
# Date: Sun Mar 22 15:26:05 EDT 2020
# Player 1: Player-0, 'RandomPlayer', running on 192.168.2.24
# Player 2: Player-1, 'Human', running on 192.168.2.24
START Player-0 RandomPlayer
START Player-1 Human
BoardInit:Map,Tile:9,Tile:9,Map,Tile:6,Tile:6,Tile:4,Tile:14,Bonus,Tile:9,Tile:13,Destroy,Tile:15,Destroy,Tile:6,Tile:11,Tile:0,Destroy,Tile:5,Tile:7,Tile:5,Tile:8,Tile:10,Tile:8,Map,Tile:7,Tile:0,Tile:7,Bonus,Tile:10,Tile:9,Tile:5,Tile:7,Tile:5,Tile:7,Tile:2,Bonus,Map,Tile:1-Tile:8,Tile:10,Malus,Tile:6,Tile:3,Malus,Tile:12-Tile:9,Tile:0,Bonus,Tile:8,Tile:6,Tile:0,Tile:8-Tile:nugget,Tile:hidden2,Tile:hidden1
Malus 0 0 1
Drop 3 0 0
Map 12 3 1
Drop 1 0 0
Malus 0 0 1
Map 12 5 0
Tile:6 6 5 1
Drop 3 0 0
Tile:6 7 5 1
Drop 5 0 0
Tile:8 8 5 1
Bonus 0 0 0
Tile:9 8 4 1
Drop 6 0 0
Tile:12 9 5 1
Destroy 9 5 0
Tile:6 9 4 1
Drop 5 0 0
Tile:0 10 4 1
Drop 1 0 0
Tile:10 9 3 1
Destroy 8 4 0
Tile:5 9 2 1
Drop 0 0 0
Tile:10 8 6 1
Drop 2 0 0
Map 12 5 1
Drop 0 0 0
Tile:0 11 4 1
Drop 5 0 0
Tile:5 7 4 1
Drop 0 0 0
Tile:9 5 6 1
Drop 6 0 0
Tile:7 10 2 1
Drop 3 0 0
Tile:7 6 6 1
Drop 3 0 0
GAMEOVER USER CANCEL UNDECIDED
# Game ended: Sun Mar 22 15:31:09 EDT 2020
