# Server version 0.08 running on 192.168.2.24:8123
# Game ID: 5
# Board class: Saboteur.SaboteurBoard
# Timeout: 20000
# First Move Timeout: 30000
# Date: Sun Mar 22 19:11:09 EDT 2020
# Player 1: Player-0, 'RandomPlayer', running on localhost
# Player 2: Player-1, '260805212', running on localhost
START Player-0 RandomPlayer
START Player-1 260805212
BoardInit:Tile:0,Tile:6,Tile:9,Tile:15,Tile:6,Tile:9,Tile:5,Bonus,Malus,Destroy,Bonus,Tile:7,Tile:10,Tile:13,Tile:8,Tile:0,Map,Tile:1,Tile:3,Malus,Tile:6,Tile:10,Tile:7,Bonus,Tile:8,Map,Tile:12,Tile:5,Tile:10,Tile:8,Destroy,Destroy,Map,Tile:9,Tile:4,Tile:7,Tile:14,Bonus,Tile:7-Tile:0,Tile:8,Tile:9,Tile:2,Map,Tile:5,Tile:5-Tile:6,Tile:11,Tile:9,Tile:8,Tile:6,Tile:0,Tile:7-Tile:hidden1,Tile:hidden2,Tile:nugget
Map 12 7 1
Tile:6_flip 6 5 0
Tile:0 7 5 1
Tile:9_flip 8 5 0
Tile:9 8 4 1
Tile:6 5 6 0
Tile:6_flip 9 4 1
Tile:7_flip 8 6 0
Tile:5_flip 10 4 1
Tile:11_flip 9 6 0
Malus 0 0 1
Drop 1 0 0
Tile:5_flip 9 7 1
Drop 5 0 0
Tile:10 10 3 1
Drop 5 0 0
Tile:8 10 2 1
Drop 0 0 0
Map 12 5 1
Drop 6 0 0
Tile:8 11 2 1
Drop 4 0 0
Tile:6_flip 12 2 1
Drop 6 0 0
Tile:0 13 3 1
Drop 3 0 0
Tile:8 12 4 1
Drop 2 0 0
Tile:7_flip 12 6 1
Bonus 0 0 0
Tile:10 11 1 1
Tile:5_flip 13 5 0
Tile:5_flip 13 2 1
Tile:6_flip 13 4 0
Tile:9_flip 13 1 1
Tile:9 9 2 0
Tile:2 9 1 1
Tile:0 11 5 0
Tile:14_flip 8 1 1
Tile:15 13 0 0
Tile:7_flip 12 1 1
Tile:7 12 0 0
Tile:12_flip 11 4 1
Tile:8 5 4 0
Tile:4_flip 8 2 1
Drop 2 0 0
Tile:3 10 1 1
Drop 1 0 0
Drop 1 0 1
Drop 0 0 0
Drop 1 0 1
Drop 0 0 0
Drop 0 0 1
GAMEOVER DRAW
# Game ended: Sun Mar 22 19:11:09 EDT 2020
