# Server version 0.08 running on 192.168.2.24:8123
# Game ID: 26
# Board class: Saboteur.SaboteurBoard
# Timeout: 20000
# First Move Timeout: 30000
# Date: Sun Mar 22 16:47:52 EDT 2020
# Player 1: Player-0, 'RandomPlayer', running on localhost
# Player 2: Player-1, '260805212', running on localhost
START Player-0 RandomPlayer
START Player-1 260805212
BoardInit:Bonus,Tile:15,Tile:8,Tile:0,Tile:10,Tile:8,Map,Tile:9,Tile:7,Tile:6,Tile:7,Tile:2,Tile:7,Tile:14,Bonus,Tile:10,Destroy,Tile:6,Tile:6,Tile:5,Tile:11,Malus,Tile:9,Tile:9,Tile:0,Tile:1,Tile:5,Tile:0,Map,Tile:13,Tile:0,Tile:5,Tile:9,Tile:5,Tile:8,Map,Tile:9,Tile:8,Tile:10-Map,Tile:4,Tile:8,Tile:6,Malus,Tile:12,Tile:3-Bonus,Tile:7,Destroy,Tile:7,Bonus,Destroy,Tile:6-Tile:hidden1,Tile:hidden2,Tile:nugget
Map 12 5 1
Tile:6 4 5 0
Tile:4 4 4 1
Tile:15 5 4 0
Tile:12 6 5 1
Destroy 6 5 0
Tile:6 5 6 1
Tile:7 6 5 0
Map 12 5 1
Tile:0 4 6 0
Tile:8 3 5 1
Tile:8 6 6 0
Drop 0 0 1
Tile:2 5 3 0
Tile:3 3 4 1
Tile:7_flip 6 7 0
Tile:7 7 6 1
Destroy 3 4 0
Tile:7 6 3 1
Drop 3 0 0
Tile:7_flip 2 5 1
Tile:6 4 3 0
Tile:10 3 4 1
Drop 5 0 0
Tile:11_flip 7 7 1
Drop 0 0 0
Destroy 6 3 1
Tile:10 2 4 0
Tile:9 3 6 1
Drop 5 0 0
Tile:5 4 2 1
Tile:13 2 3 0
Tile:0 1 3 1
Tile:9_flip 2 2 0
Map 12 7 1
Tile:14_flip 0 3 0
Tile:6 7 8 1
Tile:9_flip 2 1 0
Tile:8 3 3 1
Tile:8 0 4 0
Drop 6 0 1
Tile:0 6 3 0
Tile:9 2 0 1
Tile:5 6 8 0
Drop 3 0 1
Tile:5_flip 8 8 0
Tile:9_flip 3 0 1
Drop 2 0 0
Drop 2 0 1
Drop 1 0 0
Drop 0 0 1
Drop 0 0 0
Drop 0 0 1
GAMEOVER DRAW
# Game ended: Sun Mar 22 16:47:53 EDT 2020
