# Server version 0.08 running on 192.168.2.24:8123
# Game ID: 36
# Board class: Saboteur.SaboteurBoard
# Timeout: 20000
# First Move Timeout: 30000
# Date: Sun Mar 22 17:07:15 EDT 2020
# Player 1: Player-0, 'RandomPlayer', running on localhost
# Player 2: Player-1, '260805212', running on localhost
START Player-0 RandomPlayer
START Player-1 260805212
BoardInit:Tile:8,Tile:6,Tile:9,Tile:9,Tile:0,Tile:7,Tile:11,Map,Tile:12,Tile:5,Bonus,Tile:10,Malus,Tile:9,Tile:6,Tile:14,Tile:7,Destroy,Tile:8,Map,Tile:9,Tile:8,Tile:0,Tile:5,Tile:10,Bonus,Tile:8,Tile:0,Tile:4,Tile:15,Tile:7,Map,Map,Tile:0,Tile:5,Destroy,Tile:3,Tile:13,Tile:7-Tile:9,Tile:10,Tile:2,Destroy,Tile:8,Tile:5,Tile:6-Tile:7,Tile:6,Tile:6,Malus,Tile:1,Bonus,Bonus-Tile:hidden2,Tile:hidden1,Tile:nugget
Tile:2 4 5 1
Tile:7 6 5 0
Tile:9 3 5 1
Tile:6 5 6 0
Tile:5 5 4 1
Tile:9 3 4 0
Tile:6 6 4 1
Drop 2 0 0
Tile:11_flip 3 3 1
Malus 0 0 0
Drop 1 0 1
Tile:7_flip 2 3 0
Bonus 0 0 1
Map 12 5 0
Tile:8 4 6 1
Tile:5 6 3 0
Tile:9 2 2 1
Tile:9 2 1 0
Tile:8 2 0 1
Drop 0 0 0
Tile:12 3 1 1
Tile:14 4 4 0
Tile:6_flip 3 2 1
Destroy 6 5 0
Tile:7_flip 4 7 1
Drop 2 0 0
Tile:8 3 6 1
Map 12 3 0
Tile:8 7 3 1
Tile:5_flip 3 7 0
Drop 2 0 1
Tile:15 4 3 0
Tile:0 3 0 1
Map 12 3 0
Tile:4 7 2 1
Tile:0 6 5 0
Tile:0 5 7 1
Destroy 5 4 0
Tile:5 5 4 1
Drop 2 0 0
Tile:7 6 7 1
Tile:0 1 0 0
Tile:9_flip 6 8 1
Tile:13 6 9 0
Tile:7_flip 2 6 1
Drop 2 0 0
Drop 2 0 1
Drop 1 0 0
Tile:3 4 2 1
Drop 0 0 0
Tile:10 2 5 1
Drop 0 0 0
Drop 0 0 1
GAMEOVER DRAW
# Game ended: Sun Mar 22 17:07:15 EDT 2020
