# Server version 0.08 running on 192.168.2.24:8123
# Game ID: 17
# Board class: Saboteur.SaboteurBoard
# Timeout: 20000
# First Move Timeout: 30000
# Date: Sun Mar 22 15:14:10 EDT 2020
# Player 1: Player-0, 'RandomPlayer', running on 192.168.2.24
# Player 2: Player-1, 'Human', running on 192.168.2.24
START Player-0 RandomPlayer
START Player-1 Human
BoardInit:Tile:8,Tile:6,Tile:3,Tile:9,Tile:2,Tile:8,Tile:12,Tile:5,Tile:6,Tile:0,Tile:11,Tile:10,Tile:0,Tile:7,Map,Destroy,Map,Tile:8,Tile:14,Bonus,Malus,Tile:5,Tile:8,Tile:13,Tile:7,Tile:10,Tile:8,Bonus,Tile:9,Destroy,Tile:9,Bonus,Tile:6,Map,Tile:0,Tile:6,Tile:4,Tile:1,Tile:7-Tile:9,Tile:9,Tile:10,Tile:0,Tile:5,Map,Tile:5-Bonus,Tile:6,Tile:15,Tile:7,Tile:7,Malus,Destroy-Tile:hidden2,Tile:nugget,Tile:hidden1
Tile:5 5 4 1
Drop 2 0 0
Map 12 5 1
Tile:6 6 4 0
Tile:8 7 4 1
Tile:7_flip 4 5 0
Tile:9 7 5 1
Tile:6_flip 6 3 0
Tile:0 8 5 1
Destroy 8 5 0
Tile:6 8 5 1
Tile:0 9 5 0
Tile:12 6 5 1
Tile:9_flip 8 4 0
Tile:0 10 5 1
Tile:7_flip 5 6 0
Map 12 7 1
Destroy 7 5 0
Map 12 3 1
Tile:7 11 5 0
Tile:9 11 6 1
Tile:8 7 3 0
Tile:10 4 4 1
Tile:5_flip 11 7 0
Tile:8 12 6 1
GAMEOVER WINNER 1
# Game ended: Sun Mar 22 15:15:24 EDT 2020
