# Server version 0.08 running on 192.168.2.24:8123
# Game ID: 23
# Board class: Saboteur.SaboteurBoard
# Timeout: 20000
# First Move Timeout: 30000
# Date: Sun Mar 22 15:32:48 EDT 2020
# Player 1: Player-0, 'RandomPlayer', running on 192.168.2.24
# Player 2: Player-1, 'Human', running on 192.168.2.24
START Player-0 RandomPlayer
START Player-1 Human
BoardInit:Tile:0,Tile:9,Tile:8,Destroy,Tile:5,Map,Tile:5,Tile:6,Tile:13,Tile:6,Tile:9,Tile:7,Tile:8,Tile:1,Tile:7,Tile:10,Tile:11,Tile:9,Tile:0,Bonus,Tile:4,Bonus,Tile:8,Bonus,Tile:7,Tile:7,Tile:10,Destroy,Tile:6,Tile:5,Tile:12,Tile:3,Tile:7,Tile:6,Tile:6,Map,Bonus,Malus,Tile:0-Tile:2,Tile:10,Map,Malus,Tile:5,Tile:15,Tile:9-Destroy,Tile:8,Tile:9,Tile:14,Map,Tile:8,Tile:0-Tile:hidden2,Tile:hidden1,Tile:nugget
Map 12 5 1
Tile:14 5 6 0
Tile:0 6 5 1
Tile:9_flip 5 4 0
Tile:8 7 5 1
Tile:8 4 6 0
Tile:9 5 3 1
Tile:8 3 6 0
Tile:5 5 2 1
Tile:0 2 6 0
Tile:13 6 2 1
Map 12 5 0
Tile:5 6 1 1
Destroy 4 6 0
Tile:8 7 1 1
Tile:6_flip 1 6 0
Tile:7 8 1 1
Tile:10 3 7 0
Tile:2 7 0 1
Tile:1 4 6 0
Tile:0 8 5 1
Tile:9 3 5 0
Tile:9 7 6 1
Tile:7_flip 1 7 0
Tile:8 9 5 1
Tile:6 10 5 0
Tile:7 9 4 1
Destroy 7 5 0
Tile:10 10 4 1
Tile:7 11 5 0
Tile:6 11 6 1
Map 12 3 0
Tile:10 10 3 1
Tile:3_flip 8 4 0
Tile:15 10 2 1
Tile:5_flip 7 2 0
Tile:6 7 7 1
Tile:6_flip 8 3 0
Tile:7 12 6 1
Destroy 8 1 0
Tile:0 10 6 1
Malus 0 0 0
Bonus 0 0 1
Tile:9 3 4 0
Malus 0 0 1
Drop 2 0 0
GAMEOVER USER CANCEL UNDECIDED
# Game ended: Sun Mar 22 15:35:36 EDT 2020
