# Server version 0.08 running on 192.168.2.24:8123
# Game ID: 31
# Board class: Saboteur.SaboteurBoard
# Timeout: 20000
# First Move Timeout: 30000
# Date: Sun Mar 22 17:02:07 EDT 2020
# Player 1: Player-0, 'RandomPlayer', running on localhost
# Player 2: Player-1, '260805212', running on localhost
START Player-0 RandomPlayer
START Player-1 260805212
BoardInit:Tile:7,Tile:0,Tile:8,Tile:5,Tile:14,Destroy,Tile:8,Tile:12,Destroy,Tile:1,Tile:6,Bonus,Tile:6,Tile:15,Tile:0,Tile:11,Tile:9,Bonus,Tile:13,Tile:10,Map,Tile:9,Tile:8,Bonus,Tile:9,Tile:5,Map,Tile:9,Tile:5,Tile:0,Map,Tile:8,Tile:6,Tile:10,Tile:4,Tile:8,Tile:10,Destroy,Tile:7-Tile:9,Map,Tile:7,Tile:3,Bonus,Tile:5,Tile:6-Tile:7,Tile:7,Tile:6,Tile:0,Malus,Tile:2,Malus-Tile:hidden2,Tile:nugget,Tile:hidden1
Tile:5 4 5 1
Drop 3 0 0
Drop 2 0 1
Drop 1 0 0
Drop 1 0 1
Tile:2 6 5 0
Tile:8 6 6 1
Destroy 6 5 0
Tile:14 4 6 1
Tile:6 7 6 0
Tile:3_flip 5 6 1
Drop 4 0 0
Tile:6_flip 6 5 1
Drop 0 0 0
Tile:6 8 6 1
Tile:12 9 6 0
Tile:9_flip 8 5 1
Tile:15 6 7 0
Tile:9_flip 6 8 1
Tile:11 8 4 0
Tile:7_flip 3 6 1
Tile:10 3 5 0
Map 12 7 1
Tile:9_flip 3 4 0
Tile:6_flip 7 5 1
Tile:0 2 4 0
Tile:9 6 9 1
Tile:5 3 3 0
Tile:8 4 3 1
Drop 2 0 0
Destroy 4 3 1
Malus 0 0 0
Map 12 3 1
Tile:8 7 9 0
Map 12 3 1
Tile:10 7 8 0
Drop 2 0 1
Tile:9_flip 7 10 0
Drop 2 0 1
Destroy 8 6 0
Drop 6 0 1
Drop 0 0 0
Drop 3 0 1
Tile:0 5 8 0
Drop 1 0 1
Tile:8 8 3 0
Drop 0 0 1
Drop 1 0 0
Drop 1 0 1
Drop 0 0 0
Drop 0 0 1
Drop 0 0 0
Drop 0 0 1
GAMEOVER DRAW
# Game ended: Sun Mar 22 17:02:08 EDT 2020
