# Server version 0.08 running on 192.168.2.24:8123
# Game ID: 8
# Board class: Saboteur.SaboteurBoard
# Timeout: 20000
# First Move Timeout: 30000
# Date: Tue Mar 31 18:51:56 EDT 2020
# Player 1: Player-0, '260805212', running on 192.168.2.24
# Player 2: Player-1, 'RandomPlayer', running on 192.168.2.24
START Player-0 260805212
START Player-1 RandomPlayer
BoardInit:Tile:3,Map,Tile:10,Map,Tile:7,Tile:5,Tile:0,Tile:10,Tile:8,Tile:0,Tile:7,Bonus,Bonus,Tile:11,Map,Bonus,Malus,Tile:9,Tile:5,Map,Tile:7,Tile:7,Tile:9,Tile:6,Tile:8,Tile:8,Tile:15,Tile:9,Map,Tile:14,Tile:13,Tile:5,Tile:8,Tile:9,Tile:4,Tile:5,Bonus,Malus,Tile:9,Tile:6,Tile:8-Tile:6,Tile:0,Tile:2,Tile:7,Destroy,Tile:6,Tile:1-Tile:0,Tile:12,Tile:6,Destroy,Tile:10,Destroy,Map-Tile:hidden1,Tile:hidden2,Tile:nugget
Tile:6 6 5 1
Map 12 7 0
Tile:6_flip 5 4 1
Tile:10 5 6 0
Tile:7_flip 4 4 1
Tile:6 7 5 0
Tile:1 8 5 1
Tile:5_flip 9 5 0
Tile:7 6 4 1
Tile:10 9 4 0
Tile:0 4 5 1
Tile:0 3 5 0
Drop 2 0 1
Tile:0 2 5 0
Drop 3 0 1
Tile:11 9 3 0
Destroy 9 3 1
Tile:12_flip 1 5 0
Tile:2 9 3 1
Tile:9_flip 10 3 0
Map 12 5 1
Drop 2 0 0
Tile:8 10 2 1
Tile:7_flip 10 4 0
Tile:7 4 3 1
Tile:6 11 4 0
Tile:9_flip 5 7 1
Tile:8 12 4 0
Tile:15 7 4 1
Tile:9_flip 13 4 0
Tile:5 11 3 1
Drop 0 0 0
Map 12 3 1
Tile:5_flip 13 5 0
Tile:13 7 3 1
Tile:9_flip 13 3 0
Tile:8 4 7 1
Tile:5_flip 11 2 0
Tile:8 8 3 1
Malus 0 0 0
Drop 6 0 1
Tile:6_flip 13 2 0
Drop 4 0 1
Tile:14_flip 3 7 0
Drop 1 0 1
Map 12 5 0
Drop 4 0 1
Map 12 5 0
Drop 0 0 1
Drop 2 0 0
Drop 0 0 1
Drop 0 0 0
Bonus 0 0 1
Drop 0 0 0
Tile:7 4 6 1
GAMEOVER DRAW
# Game ended: Tue Mar 31 18:51:56 EDT 2020
